2015-04-12 14:01:36,183 - [INFO] - from play in pool-6-thread-5 
Listening for HTTP on /0:0:0:0:0:0:0:0:9000

2015-04-12 14:01:58,353 - [INFO] - from play in play-internal-execution-context-1 
database [default] connected at jdbc:h2:mem:play

2015-04-12 14:01:58,931 - [INFO] - from application in play-internal-execution-context-1 
[securesocial] loaded templates plugin: securesocial.controllers.DefaultTemplatesPlugin

2015-04-12 14:01:59,373 - [INFO] - from play in play-internal-execution-context-1 
Starting application default Akka system.

2015-04-12 14:01:59,416 - [DEBUG] - from application in play-akka.actor.default-dispatcher-2 
[securesocial] calling deleteExpiredTokens()

2015-04-12 14:01:59,419 - [INFO] - from application in play-internal-execution-context-1 
[securesocial] loaded user service: class plugins.InMemoryUserService

2015-04-12 14:01:59,421 - [INFO] - from application in play-internal-execution-context-1 
[securesocial] loaded password hasher bcrypt

2015-04-12 14:01:59,425 - [INFO] - from application in play-internal-execution-context-1 
[securesocial] loaded identity provider: twitter

2015-04-12 14:01:59,426 - [INFO] - from application in play-internal-execution-context-1 
[securesocial] loaded identity provider: facebook

2015-04-12 14:01:59,426 - [INFO] - from application in play-internal-execution-context-1 
[securesocial] loaded identity provider: google

2015-04-12 14:01:59,426 - [INFO] - from application in play-internal-execution-context-1 
[securesocial] loaded identity provider: userpass

2015-04-12 14:01:59,434 - [INFO] - from play in play-internal-execution-context-1 
Application started (Dev)

2015-04-12 14:02:09,518 - [ERROR] - from play in play-internal-execution-context-1 
Cannot invoke the action, eventually got an error: java.lang.RuntimeException: com.fasterxml.jackson.core.JsonParseException: Unexpected character ('<' (code 60)): expected a valid value (number, String, array, object, 'true', 'false' or 'null')
 at [Source: org.jboss.netty.buffer.ChannelBufferInputStream@2907c3cc; line: 1, column: 2]

2015-04-12 14:02:09,518 - [ERROR] - from play in play-internal-execution-context-2 
Cannot invoke the action, eventually got an error: java.lang.RuntimeException: com.fasterxml.jackson.core.JsonParseException: Unexpected character ('<' (code 60)): expected a valid value (number, String, array, object, 'true', 'false' or 'null')
 at [Source: org.jboss.netty.buffer.ChannelBufferInputStream@7be45b47; line: 1, column: 2]

2015-04-12 14:02:09,564 - [ERROR] - from application in play-internal-execution-context-2 


! @6lnbdobi2 - Internal server error, for (GET) [/feedZilla] ->

play.api.Application$$anon$1: Execution exception[[RuntimeException: com.fasterxml.jackson.core.JsonParseException: Unexpected character ('<' (code 60)): expected a valid value (number, String, array, object, 'true', 'false' or 'null')
 at [Source: org.jboss.netty.buffer.ChannelBufferInputStream@7be45b47; line: 1, column: 2]]]
	at play.api.Application$class.handleError(Application.scala:293) ~[play_2.10-2.2.3.jar:2.2.3]
	at play.api.DefaultApplication.handleError(Application.scala:399) [play_2.10-2.2.3.jar:2.2.3]
	at play.core.server.netty.PlayDefaultUpstreamHandler$$anonfun$3$$anonfun$applyOrElse$3.apply(PlayDefaultUpstreamHandler.scala:264) [play_2.10-2.2.3.jar:2.2.3]
	at play.core.server.netty.PlayDefaultUpstreamHandler$$anonfun$3$$anonfun$applyOrElse$3.apply(PlayDefaultUpstreamHandler.scala:264) [play_2.10-2.2.3.jar:2.2.3]
	at scala.Option.map(Option.scala:145) [scala-library-2.10.3.jar:na]
	at play.core.server.netty.PlayDefaultUpstreamHandler$$anonfun$3.applyOrElse(PlayDefaultUpstreamHandler.scala:264) [play_2.10-2.2.3.jar:2.2.3]
	at play.core.server.netty.PlayDefaultUpstreamHandler$$anonfun$3.applyOrElse(PlayDefaultUpstreamHandler.scala:260) [play_2.10-2.2.3.jar:2.2.3]
	at scala.concurrent.Future$$anonfun$recoverWith$1.apply(Future.scala:344) [scala-library-2.10.3.jar:na]
	at scala.concurrent.Future$$anonfun$recoverWith$1.apply(Future.scala:343) [scala-library-2.10.3.jar:na]
	at scala.concurrent.impl.CallbackRunnable.run(Promise.scala:32) [scala-library-2.10.3.jar:na]
	at play.api.libs.iteratee.Execution$$anon$1.execute(Execution.scala:43) [play-iteratees_2.10-2.2.3.jar:2.2.3]
	at scala.concurrent.impl.CallbackRunnable.executeWithValue(Promise.scala:40) [scala-library-2.10.3.jar:na]
	at scala.concurrent.impl.Promise$DefaultPromise.tryComplete(Promise.scala:248) [scala-library-2.10.3.jar:na]
	at scala.concurrent.Promise$class.complete(Promise.scala:55) [scala-library-2.10.3.jar:na]
	at scala.concurrent.impl.Promise$DefaultPromise.complete(Promise.scala:153) [scala-library-2.10.3.jar:na]
	at scala.concurrent.Future$$anonfun$map$1.apply(Future.scala:235) [scala-library-2.10.3.jar:na]
	at scala.concurrent.Future$$anonfun$map$1.apply(Future.scala:235) [scala-library-2.10.3.jar:na]
	at scala.concurrent.impl.CallbackRunnable.run(Promise.scala:32) [scala-library-2.10.3.jar:na]
	at scala.concurrent.forkjoin.ForkJoinTask$AdaptedRunnableAction.exec(ForkJoinTask.java:1361) [scala-library-2.10.3.jar:na]
	at scala.concurrent.forkjoin.ForkJoinTask.doExec(ForkJoinTask.java:260) [scala-library-2.10.3.jar:na]
	at scala.concurrent.forkjoin.ForkJoinPool$WorkQueue.runTask(ForkJoinPool.java:1339) [scala-library-2.10.3.jar:na]
	at scala.concurrent.forkjoin.ForkJoinPool.runWorker(ForkJoinPool.java:1979) [scala-library-2.10.3.jar:na]
	at scala.concurrent.forkjoin.ForkJoinWorkerThread.run(ForkJoinWorkerThread.java:107) [scala-library-2.10.3.jar:na]
Caused by: java.lang.RuntimeException: com.fasterxml.jackson.core.JsonParseException: Unexpected character ('<' (code 60)): expected a valid value (number, String, array, object, 'true', 'false' or 'null')
 at [Source: org.jboss.netty.buffer.ChannelBufferInputStream@7be45b47; line: 1, column: 2]
	at play.libs.Json.parse(Json.java:82) ~[play-json_2.10-2.2.3.jar:2.2.3]
	at play.libs.WS$Response.asJson(WS.java:704) ~[play-java_2.10-2.2.3.jar:2.2.3]
	at controllers.NewsFeed$1.apply(NewsFeed.java:27) ~[classes/:na]
	at controllers.NewsFeed$1.apply(NewsFeed.java:25) ~[classes/:na]
	at play.core.j.FPromiseHelper$$anonfun$map$1.apply(FPromiseHelper.scala:79) ~[play_2.10-2.2.3.jar:2.2.3]
	at scala.util.Success$$anonfun$map$1.apply(Try.scala:206) ~[scala-library-2.10.3.jar:na]
	at scala.util.Try$.apply(Try.scala:161) ~[scala-library-2.10.3.jar:na]
	at scala.util.Success.map(Try.scala:206) ~[scala-library-2.10.3.jar:na]
	at scala.concurrent.Future$$anonfun$map$1.apply(Future.scala:235) [scala-library-2.10.3.jar:na]
	at scala.concurrent.Future$$anonfun$map$1.apply(Future.scala:235) [scala-library-2.10.3.jar:na]
	at scala.concurrent.impl.CallbackRunnable.run(Promise.scala:32) [scala-library-2.10.3.jar:na]
	at play.core.j.HttpExecutionContext$$anon$2.run(HttpExecutionContext.scala:37) ~[play_2.10-2.2.3.jar:2.2.3]
	at akka.dispatch.TaskInvocation.run(AbstractDispatcher.scala:42) ~[akka-actor_2.10-2.2.0.jar:2.2.0]
	at akka.dispatch.ForkJoinExecutorConfigurator$AkkaForkJoinTask.exec(AbstractDispatcher.scala:386) ~[akka-actor_2.10-2.2.0.jar:2.2.0]
	... 4 common frames omitted
Caused by: com.fasterxml.jackson.core.JsonParseException: Unexpected character ('<' (code 60)): expected a valid value (number, String, array, object, 'true', 'false' or 'null')
 at [Source: org.jboss.netty.buffer.ChannelBufferInputStream@7be45b47; line: 1, column: 2]
	at com.fasterxml.jackson.core.JsonParser._constructError(JsonParser.java:1369) ~[jackson-core-2.2.2.jar:2.2.2]
	at com.fasterxml.jackson.core.base.ParserMinimalBase._reportError(ParserMinimalBase.java:599) ~[jackson-core-2.2.2.jar:2.2.2]
	at com.fasterxml.jackson.core.base.ParserMinimalBase._reportUnexpectedChar(ParserMinimalBase.java:520) ~[jackson-core-2.2.2.jar:2.2.2]
	at com.fasterxml.jackson.core.json.UTF8StreamJsonParser._handleUnexpectedValue(UTF8StreamJsonParser.java:2267) ~[jackson-core-2.2.2.jar:2.2.2]
	at com.fasterxml.jackson.core.json.UTF8StreamJsonParser._nextTokenNotInObject(UTF8StreamJsonParser.java:779) ~[jackson-core-2.2.2.jar:2.2.2]
	at com.fasterxml.jackson.core.json.UTF8StreamJsonParser.nextToken(UTF8StreamJsonParser.java:665) ~[jackson-core-2.2.2.jar:2.2.2]
	at com.fasterxml.jackson.databind.ObjectMapper._initForReading(ObjectMapper.java:2926) ~[jackson-databind-2.2.2.jar:2.2.2]
	at com.fasterxml.jackson.databind.ObjectMapper._readMapAndClose(ObjectMapper.java:2873) ~[jackson-databind-2.2.2.jar:2.2.2]
	at com.fasterxml.jackson.databind.ObjectMapper.readValue(ObjectMapper.java:2080) ~[jackson-databind-2.2.2.jar:2.2.2]
	at play.libs.Json.parse(Json.java:80) ~[play-json_2.10-2.2.3.jar:2.2.3]
	... 17 common frames omitted

2015-04-12 14:02:09,564 - [ERROR] - from application in play-internal-execution-context-1 


! @6lnbdobi3 - Internal server error, for (GET) [/feedZilla] ->

play.api.Application$$anon$1: Execution exception[[RuntimeException: com.fasterxml.jackson.core.JsonParseException: Unexpected character ('<' (code 60)): expected a valid value (number, String, array, object, 'true', 'false' or 'null')
 at [Source: org.jboss.netty.buffer.ChannelBufferInputStream@2907c3cc; line: 1, column: 2]]]
	at play.api.Application$class.handleError(Application.scala:293) ~[play_2.10-2.2.3.jar:2.2.3]
	at play.api.DefaultApplication.handleError(Application.scala:399) [play_2.10-2.2.3.jar:2.2.3]
	at play.core.server.netty.PlayDefaultUpstreamHandler$$anonfun$3$$anonfun$applyOrElse$3.apply(PlayDefaultUpstreamHandler.scala:264) [play_2.10-2.2.3.jar:2.2.3]
	at play.core.server.netty.PlayDefaultUpstreamHandler$$anonfun$3$$anonfun$applyOrElse$3.apply(PlayDefaultUpstreamHandler.scala:264) [play_2.10-2.2.3.jar:2.2.3]
	at scala.Option.map(Option.scala:145) [scala-library-2.10.3.jar:na]
	at play.core.server.netty.PlayDefaultUpstreamHandler$$anonfun$3.applyOrElse(PlayDefaultUpstreamHandler.scala:264) [play_2.10-2.2.3.jar:2.2.3]
	at play.core.server.netty.PlayDefaultUpstreamHandler$$anonfun$3.applyOrElse(PlayDefaultUpstreamHandler.scala:260) [play_2.10-2.2.3.jar:2.2.3]
	at scala.concurrent.Future$$anonfun$recoverWith$1.apply(Future.scala:344) [scala-library-2.10.3.jar:na]
	at scala.concurrent.Future$$anonfun$recoverWith$1.apply(Future.scala:343) [scala-library-2.10.3.jar:na]
	at scala.concurrent.impl.CallbackRunnable.run(Promise.scala:32) [scala-library-2.10.3.jar:na]
	at play.api.libs.iteratee.Execution$$anon$1.execute(Execution.scala:43) [play-iteratees_2.10-2.2.3.jar:2.2.3]
	at scala.concurrent.impl.CallbackRunnable.executeWithValue(Promise.scala:40) [scala-library-2.10.3.jar:na]
	at scala.concurrent.impl.Promise$DefaultPromise.tryComplete(Promise.scala:248) [scala-library-2.10.3.jar:na]
	at scala.concurrent.Promise$class.complete(Promise.scala:55) [scala-library-2.10.3.jar:na]
	at scala.concurrent.impl.Promise$DefaultPromise.complete(Promise.scala:153) [scala-library-2.10.3.jar:na]
	at scala.concurrent.Future$$anonfun$map$1.apply(Future.scala:235) [scala-library-2.10.3.jar:na]
	at scala.concurrent.Future$$anonfun$map$1.apply(Future.scala:235) [scala-library-2.10.3.jar:na]
	at scala.concurrent.impl.CallbackRunnable.run(Promise.scala:32) [scala-library-2.10.3.jar:na]
	at scala.concurrent.forkjoin.ForkJoinTask$AdaptedRunnableAction.exec(ForkJoinTask.java:1361) [scala-library-2.10.3.jar:na]
	at scala.concurrent.forkjoin.ForkJoinTask.doExec(ForkJoinTask.java:260) [scala-library-2.10.3.jar:na]
	at scala.concurrent.forkjoin.ForkJoinPool$WorkQueue.runTask(ForkJoinPool.java:1339) [scala-library-2.10.3.jar:na]
	at scala.concurrent.forkjoin.ForkJoinPool.runWorker(ForkJoinPool.java:1979) [scala-library-2.10.3.jar:na]
	at scala.concurrent.forkjoin.ForkJoinWorkerThread.run(ForkJoinWorkerThread.java:107) [scala-library-2.10.3.jar:na]
Caused by: java.lang.RuntimeException: com.fasterxml.jackson.core.JsonParseException: Unexpected character ('<' (code 60)): expected a valid value (number, String, array, object, 'true', 'false' or 'null')
 at [Source: org.jboss.netty.buffer.ChannelBufferInputStream@2907c3cc; line: 1, column: 2]
	at play.libs.Json.parse(Json.java:82) ~[play-json_2.10-2.2.3.jar:2.2.3]
	at play.libs.WS$Response.asJson(WS.java:704) ~[play-java_2.10-2.2.3.jar:2.2.3]
	at controllers.NewsFeed$1.apply(NewsFeed.java:27) ~[na:na]
	at controllers.NewsFeed$1.apply(NewsFeed.java:25) ~[na:na]
	at play.core.j.FPromiseHelper$$anonfun$map$1.apply(FPromiseHelper.scala:79) ~[play_2.10-2.2.3.jar:2.2.3]
	at scala.util.Success$$anonfun$map$1.apply(Try.scala:206) ~[scala-library-2.10.3.jar:na]
	at scala.util.Try$.apply(Try.scala:161) ~[scala-library-2.10.3.jar:na]
	at scala.util.Success.map(Try.scala:206) ~[scala-library-2.10.3.jar:na]
	at scala.concurrent.Future$$anonfun$map$1.apply(Future.scala:235) [scala-library-2.10.3.jar:na]
	at scala.concurrent.Future$$anonfun$map$1.apply(Future.scala:235) [scala-library-2.10.3.jar:na]
	at scala.concurrent.impl.CallbackRunnable.run(Promise.scala:32) [scala-library-2.10.3.jar:na]
	at play.core.j.HttpExecutionContext$$anon$2.run(HttpExecutionContext.scala:37) ~[play_2.10-2.2.3.jar:2.2.3]
	at akka.dispatch.TaskInvocation.run(AbstractDispatcher.scala:42) ~[akka-actor_2.10-2.2.0.jar:2.2.0]
	at akka.dispatch.ForkJoinExecutorConfigurator$AkkaForkJoinTask.exec(AbstractDispatcher.scala:386) ~[akka-actor_2.10-2.2.0.jar:2.2.0]
	... 4 common frames omitted
Caused by: com.fasterxml.jackson.core.JsonParseException: Unexpected character ('<' (code 60)): expected a valid value (number, String, array, object, 'true', 'false' or 'null')
 at [Source: org.jboss.netty.buffer.ChannelBufferInputStream@2907c3cc; line: 1, column: 2]
	at com.fasterxml.jackson.core.JsonParser._constructError(JsonParser.java:1369) ~[jackson-core-2.2.2.jar:2.2.2]
	at com.fasterxml.jackson.core.base.ParserMinimalBase._reportError(ParserMinimalBase.java:599) ~[jackson-core-2.2.2.jar:2.2.2]
	at com.fasterxml.jackson.core.base.ParserMinimalBase._reportUnexpectedChar(ParserMinimalBase.java:520) ~[jackson-core-2.2.2.jar:2.2.2]
	at com.fasterxml.jackson.core.json.UTF8StreamJsonParser._handleUnexpectedValue(UTF8StreamJsonParser.java:2267) ~[jackson-core-2.2.2.jar:2.2.2]
	at com.fasterxml.jackson.core.json.UTF8StreamJsonParser._nextTokenNotInObject(UTF8StreamJsonParser.java:779) ~[jackson-core-2.2.2.jar:2.2.2]
	at com.fasterxml.jackson.core.json.UTF8StreamJsonParser.nextToken(UTF8StreamJsonParser.java:665) ~[jackson-core-2.2.2.jar:2.2.2]
	at com.fasterxml.jackson.databind.ObjectMapper._initForReading(ObjectMapper.java:2926) ~[jackson-databind-2.2.2.jar:2.2.2]
	at com.fasterxml.jackson.databind.ObjectMapper._readMapAndClose(ObjectMapper.java:2873) ~[jackson-databind-2.2.2.jar:2.2.2]
	at com.fasterxml.jackson.databind.ObjectMapper.readValue(ObjectMapper.java:2080) ~[jackson-databind-2.2.2.jar:2.2.2]
	at play.libs.Json.parse(Json.java:80) ~[play-json_2.10-2.2.3.jar:2.2.3]
	... 17 common frames omitted

2015-04-12 14:03:22,573 - [INFO] - from application in play-internal-execution-context-1 
[securesocial] unloaded identity provider: userpass

2015-04-12 14:03:22,574 - [INFO] - from application in play-internal-execution-context-1 
[securesocial] unloaded identity provider: google

2015-04-12 14:03:22,575 - [INFO] - from application in play-internal-execution-context-1 
[securesocial] unloaded identity provider: facebook

2015-04-12 14:03:22,575 - [INFO] - from application in play-internal-execution-context-1 
[securesocial] unloaded identity provider: twitter

2015-04-12 14:03:22,577 - [INFO] - from application in play-internal-execution-context-1 
[securesocial] unloaded password hasher bcrypt

2015-04-12 14:03:22,580 - [INFO] - from play in play-internal-execution-context-1 
Shutdown application default Akka system.

2015-04-12 14:03:22,970 - [INFO] - from play in play-internal-execution-context-1 
database [default] connected at jdbc:h2:mem:play

2015-04-12 14:03:23,026 - [INFO] - from application in play-internal-execution-context-1 
[securesocial] loaded templates plugin: securesocial.controllers.DefaultTemplatesPlugin

2015-04-12 14:03:23,049 - [INFO] - from play in play-internal-execution-context-1 
Starting application default Akka system.

2015-04-12 14:03:23,049 - [INFO] - from application in play-internal-execution-context-1 
[securesocial] loaded user service: class plugins.InMemoryUserService

2015-04-12 14:03:23,049 - [DEBUG] - from application in play-akka.actor.default-dispatcher-6 
[securesocial] calling deleteExpiredTokens()

2015-04-12 14:03:23,051 - [INFO] - from application in play-internal-execution-context-1 
[securesocial] loaded password hasher bcrypt

2015-04-12 14:03:23,058 - [INFO] - from application in play-internal-execution-context-1 
[securesocial] loaded identity provider: twitter

2015-04-12 14:03:23,066 - [INFO] - from application in play-internal-execution-context-1 
[securesocial] loaded identity provider: facebook

2015-04-12 14:03:23,067 - [INFO] - from application in play-internal-execution-context-1 
[securesocial] loaded identity provider: google

2015-04-12 14:03:23,067 - [INFO] - from application in play-internal-execution-context-1 
[securesocial] loaded identity provider: userpass

2015-04-12 14:03:23,067 - [INFO] - from play in play-internal-execution-context-1 
Application started (Dev)

2015-04-12 14:03:23,439 - [ERROR] - from play in play-internal-execution-context-1 
Cannot invoke the action, eventually got an error: java.lang.RuntimeException: com.fasterxml.jackson.core.JsonParseException: Unexpected character ('<' (code 60)): expected a valid value (number, String, array, object, 'true', 'false' or 'null')
 at [Source: org.jboss.netty.buffer.ChannelBufferInputStream@4b5861c8; line: 1, column: 2]

2015-04-12 14:03:23,448 - [ERROR] - from application in play-internal-execution-context-1 


! @6lnbe2h03 - Internal server error, for (GET) [/feedZilla] ->

play.api.Application$$anon$1: Execution exception[[RuntimeException: com.fasterxml.jackson.core.JsonParseException: Unexpected character ('<' (code 60)): expected a valid value (number, String, array, object, 'true', 'false' or 'null')
 at [Source: org.jboss.netty.buffer.ChannelBufferInputStream@4b5861c8; line: 1, column: 2]]]
	at play.api.Application$class.handleError(Application.scala:293) ~[play_2.10-2.2.3.jar:2.2.3]
	at play.api.DefaultApplication.handleError(Application.scala:399) [play_2.10-2.2.3.jar:2.2.3]
	at play.core.server.netty.PlayDefaultUpstreamHandler$$anonfun$3$$anonfun$applyOrElse$3.apply(PlayDefaultUpstreamHandler.scala:264) [play_2.10-2.2.3.jar:2.2.3]
	at play.core.server.netty.PlayDefaultUpstreamHandler$$anonfun$3$$anonfun$applyOrElse$3.apply(PlayDefaultUpstreamHandler.scala:264) [play_2.10-2.2.3.jar:2.2.3]
	at scala.Option.map(Option.scala:145) [scala-library-2.10.3.jar:na]
	at play.core.server.netty.PlayDefaultUpstreamHandler$$anonfun$3.applyOrElse(PlayDefaultUpstreamHandler.scala:264) [play_2.10-2.2.3.jar:2.2.3]
	at play.core.server.netty.PlayDefaultUpstreamHandler$$anonfun$3.applyOrElse(PlayDefaultUpstreamHandler.scala:260) [play_2.10-2.2.3.jar:2.2.3]
	at scala.concurrent.Future$$anonfun$recoverWith$1.apply(Future.scala:344) [scala-library-2.10.3.jar:na]
	at scala.concurrent.Future$$anonfun$recoverWith$1.apply(Future.scala:343) [scala-library-2.10.3.jar:na]
	at scala.concurrent.impl.CallbackRunnable.run(Promise.scala:32) [scala-library-2.10.3.jar:na]
	at play.api.libs.iteratee.Execution$$anon$1.execute(Execution.scala:43) [play-iteratees_2.10-2.2.3.jar:2.2.3]
	at scala.concurrent.impl.CallbackRunnable.executeWithValue(Promise.scala:40) [scala-library-2.10.3.jar:na]
	at scala.concurrent.impl.Promise$DefaultPromise.tryComplete(Promise.scala:248) [scala-library-2.10.3.jar:na]
	at scala.concurrent.Promise$class.complete(Promise.scala:55) [scala-library-2.10.3.jar:na]
	at scala.concurrent.impl.Promise$DefaultPromise.complete(Promise.scala:153) [scala-library-2.10.3.jar:na]
	at scala.concurrent.Future$$anonfun$map$1.apply(Future.scala:235) [scala-library-2.10.3.jar:na]
	at scala.concurrent.Future$$anonfun$map$1.apply(Future.scala:235) [scala-library-2.10.3.jar:na]
	at scala.concurrent.impl.CallbackRunnable.run(Promise.scala:32) [scala-library-2.10.3.jar:na]
	at scala.concurrent.forkjoin.ForkJoinTask$AdaptedRunnableAction.exec(ForkJoinTask.java:1361) [scala-library-2.10.3.jar:na]
	at scala.concurrent.forkjoin.ForkJoinTask.doExec(ForkJoinTask.java:260) [scala-library-2.10.3.jar:na]
	at scala.concurrent.forkjoin.ForkJoinPool$WorkQueue.runTask(ForkJoinPool.java:1339) [scala-library-2.10.3.jar:na]
	at scala.concurrent.forkjoin.ForkJoinPool.runWorker(ForkJoinPool.java:1979) [scala-library-2.10.3.jar:na]
	at scala.concurrent.forkjoin.ForkJoinWorkerThread.run(ForkJoinWorkerThread.java:107) [scala-library-2.10.3.jar:na]
Caused by: java.lang.RuntimeException: com.fasterxml.jackson.core.JsonParseException: Unexpected character ('<' (code 60)): expected a valid value (number, String, array, object, 'true', 'false' or 'null')
 at [Source: org.jboss.netty.buffer.ChannelBufferInputStream@4b5861c8; line: 1, column: 2]
	at play.libs.Json.parse(Json.java:82) ~[play-json_2.10-2.2.3.jar:2.2.3]
	at play.libs.WS$Response.asJson(WS.java:704) ~[play-java_2.10-2.2.3.jar:2.2.3]
	at controllers.NewsFeed$1.apply(NewsFeed.java:27) ~[na:na]
	at controllers.NewsFeed$1.apply(NewsFeed.java:25) ~[na:na]
	at play.core.j.FPromiseHelper$$anonfun$map$1.apply(FPromiseHelper.scala:79) ~[play_2.10-2.2.3.jar:2.2.3]
	at scala.util.Success$$anonfun$map$1.apply(Try.scala:206) ~[scala-library-2.10.3.jar:na]
	at scala.util.Try$.apply(Try.scala:161) ~[scala-library-2.10.3.jar:na]
	at scala.util.Success.map(Try.scala:206) ~[scala-library-2.10.3.jar:na]
	at scala.concurrent.Future$$anonfun$map$1.apply(Future.scala:235) [scala-library-2.10.3.jar:na]
	at scala.concurrent.Future$$anonfun$map$1.apply(Future.scala:235) [scala-library-2.10.3.jar:na]
	at scala.concurrent.impl.CallbackRunnable.run(Promise.scala:32) [scala-library-2.10.3.jar:na]
	at play.core.j.HttpExecutionContext$$anon$2.run(HttpExecutionContext.scala:37) ~[play_2.10-2.2.3.jar:2.2.3]
	at akka.dispatch.TaskInvocation.run(AbstractDispatcher.scala:42) ~[akka-actor_2.10-2.2.0.jar:2.2.0]
	at akka.dispatch.ForkJoinExecutorConfigurator$AkkaForkJoinTask.exec(AbstractDispatcher.scala:386) ~[akka-actor_2.10-2.2.0.jar:2.2.0]
	... 4 common frames omitted
Caused by: com.fasterxml.jackson.core.JsonParseException: Unexpected character ('<' (code 60)): expected a valid value (number, String, array, object, 'true', 'false' or 'null')
 at [Source: org.jboss.netty.buffer.ChannelBufferInputStream@4b5861c8; line: 1, column: 2]
	at com.fasterxml.jackson.core.JsonParser._constructError(JsonParser.java:1369) ~[jackson-core-2.2.2.jar:2.2.2]
	at com.fasterxml.jackson.core.base.ParserMinimalBase._reportError(ParserMinimalBase.java:599) ~[jackson-core-2.2.2.jar:2.2.2]
	at com.fasterxml.jackson.core.base.ParserMinimalBase._reportUnexpectedChar(ParserMinimalBase.java:520) ~[jackson-core-2.2.2.jar:2.2.2]
	at com.fasterxml.jackson.core.json.UTF8StreamJsonParser._handleUnexpectedValue(UTF8StreamJsonParser.java:2267) ~[jackson-core-2.2.2.jar:2.2.2]
	at com.fasterxml.jackson.core.json.UTF8StreamJsonParser._nextTokenNotInObject(UTF8StreamJsonParser.java:779) ~[jackson-core-2.2.2.jar:2.2.2]
	at com.fasterxml.jackson.core.json.UTF8StreamJsonParser.nextToken(UTF8StreamJsonParser.java:665) ~[jackson-core-2.2.2.jar:2.2.2]
	at com.fasterxml.jackson.databind.ObjectMapper._initForReading(ObjectMapper.java:2926) ~[jackson-databind-2.2.2.jar:2.2.2]
	at com.fasterxml.jackson.databind.ObjectMapper._readMapAndClose(ObjectMapper.java:2873) ~[jackson-databind-2.2.2.jar:2.2.2]
	at com.fasterxml.jackson.databind.ObjectMapper.readValue(ObjectMapper.java:2080) ~[jackson-databind-2.2.2.jar:2.2.2]
	at play.libs.Json.parse(Json.java:80) ~[play-json_2.10-2.2.3.jar:2.2.3]
	... 17 common frames omitted

2015-04-12 14:03:29,222 - [ERROR] - from play in play-internal-execution-context-1 
Cannot invoke the action, eventually got an error: java.lang.RuntimeException: com.fasterxml.jackson.core.JsonParseException: Unexpected character ('<' (code 60)): expected a valid value (number, String, array, object, 'true', 'false' or 'null')
 at [Source: org.jboss.netty.buffer.ChannelBufferInputStream@14850252; line: 1, column: 2]

2015-04-12 14:03:29,230 - [ERROR] - from application in play-internal-execution-context-1 


! @6lnbe2ped - Internal server error, for (GET) [/feedZilla] ->

play.api.Application$$anon$1: Execution exception[[RuntimeException: com.fasterxml.jackson.core.JsonParseException: Unexpected character ('<' (code 60)): expected a valid value (number, String, array, object, 'true', 'false' or 'null')
 at [Source: org.jboss.netty.buffer.ChannelBufferInputStream@14850252; line: 1, column: 2]]]
	at play.api.Application$class.handleError(Application.scala:293) ~[play_2.10-2.2.3.jar:2.2.3]
	at play.api.DefaultApplication.handleError(Application.scala:399) [play_2.10-2.2.3.jar:2.2.3]
	at play.core.server.netty.PlayDefaultUpstreamHandler$$anonfun$3$$anonfun$applyOrElse$3.apply(PlayDefaultUpstreamHandler.scala:264) [play_2.10-2.2.3.jar:2.2.3]
	at play.core.server.netty.PlayDefaultUpstreamHandler$$anonfun$3$$anonfun$applyOrElse$3.apply(PlayDefaultUpstreamHandler.scala:264) [play_2.10-2.2.3.jar:2.2.3]
	at scala.Option.map(Option.scala:145) [scala-library-2.10.3.jar:na]
	at play.core.server.netty.PlayDefaultUpstreamHandler$$anonfun$3.applyOrElse(PlayDefaultUpstreamHandler.scala:264) [play_2.10-2.2.3.jar:2.2.3]
	at play.core.server.netty.PlayDefaultUpstreamHandler$$anonfun$3.applyOrElse(PlayDefaultUpstreamHandler.scala:260) [play_2.10-2.2.3.jar:2.2.3]
	at scala.concurrent.Future$$anonfun$recoverWith$1.apply(Future.scala:344) [scala-library-2.10.3.jar:na]
	at scala.concurrent.Future$$anonfun$recoverWith$1.apply(Future.scala:343) [scala-library-2.10.3.jar:na]
	at scala.concurrent.impl.CallbackRunnable.run(Promise.scala:32) [scala-library-2.10.3.jar:na]
	at play.api.libs.iteratee.Execution$$anon$1.execute(Execution.scala:43) [play-iteratees_2.10-2.2.3.jar:2.2.3]
	at scala.concurrent.impl.CallbackRunnable.executeWithValue(Promise.scala:40) [scala-library-2.10.3.jar:na]
	at scala.concurrent.impl.Promise$DefaultPromise.tryComplete(Promise.scala:248) [scala-library-2.10.3.jar:na]
	at scala.concurrent.Promise$class.complete(Promise.scala:55) [scala-library-2.10.3.jar:na]
	at scala.concurrent.impl.Promise$DefaultPromise.complete(Promise.scala:153) [scala-library-2.10.3.jar:na]
	at scala.concurrent.Future$$anonfun$map$1.apply(Future.scala:235) [scala-library-2.10.3.jar:na]
	at scala.concurrent.Future$$anonfun$map$1.apply(Future.scala:235) [scala-library-2.10.3.jar:na]
	at scala.concurrent.impl.CallbackRunnable.run(Promise.scala:32) [scala-library-2.10.3.jar:na]
	at scala.concurrent.forkjoin.ForkJoinTask$AdaptedRunnableAction.exec(ForkJoinTask.java:1361) [scala-library-2.10.3.jar:na]
	at scala.concurrent.forkjoin.ForkJoinTask.doExec(ForkJoinTask.java:260) [scala-library-2.10.3.jar:na]
	at scala.concurrent.forkjoin.ForkJoinPool$WorkQueue.runTask(ForkJoinPool.java:1339) [scala-library-2.10.3.jar:na]
	at scala.concurrent.forkjoin.ForkJoinPool.runWorker(ForkJoinPool.java:1979) [scala-library-2.10.3.jar:na]
	at scala.concurrent.forkjoin.ForkJoinWorkerThread.run(ForkJoinWorkerThread.java:107) [scala-library-2.10.3.jar:na]
Caused by: java.lang.RuntimeException: com.fasterxml.jackson.core.JsonParseException: Unexpected character ('<' (code 60)): expected a valid value (number, String, array, object, 'true', 'false' or 'null')
 at [Source: org.jboss.netty.buffer.ChannelBufferInputStream@14850252; line: 1, column: 2]
	at play.libs.Json.parse(Json.java:82) ~[play-json_2.10-2.2.3.jar:2.2.3]
	at play.libs.WS$Response.asJson(WS.java:704) ~[play-java_2.10-2.2.3.jar:2.2.3]
	at controllers.NewsFeed$1.apply(NewsFeed.java:27) ~[na:na]
	at controllers.NewsFeed$1.apply(NewsFeed.java:25) ~[na:na]
	at play.core.j.FPromiseHelper$$anonfun$map$1.apply(FPromiseHelper.scala:79) ~[play_2.10-2.2.3.jar:2.2.3]
	at scala.util.Success$$anonfun$map$1.apply(Try.scala:206) ~[scala-library-2.10.3.jar:na]
	at scala.util.Try$.apply(Try.scala:161) ~[scala-library-2.10.3.jar:na]
	at scala.util.Success.map(Try.scala:206) ~[scala-library-2.10.3.jar:na]
	at scala.concurrent.Future$$anonfun$map$1.apply(Future.scala:235) [scala-library-2.10.3.jar:na]
	at scala.concurrent.Future$$anonfun$map$1.apply(Future.scala:235) [scala-library-2.10.3.jar:na]
	at scala.concurrent.impl.CallbackRunnable.run(Promise.scala:32) [scala-library-2.10.3.jar:na]
	at play.core.j.HttpExecutionContext$$anon$2.run(HttpExecutionContext.scala:37) ~[play_2.10-2.2.3.jar:2.2.3]
	at akka.dispatch.TaskInvocation.run(AbstractDispatcher.scala:42) ~[akka-actor_2.10-2.2.0.jar:2.2.0]
	at akka.dispatch.ForkJoinExecutorConfigurator$AkkaForkJoinTask.exec(AbstractDispatcher.scala:386) ~[akka-actor_2.10-2.2.0.jar:2.2.0]
	... 4 common frames omitted
Caused by: com.fasterxml.jackson.core.JsonParseException: Unexpected character ('<' (code 60)): expected a valid value (number, String, array, object, 'true', 'false' or 'null')
 at [Source: org.jboss.netty.buffer.ChannelBufferInputStream@14850252; line: 1, column: 2]
	at com.fasterxml.jackson.core.JsonParser._constructError(JsonParser.java:1369) ~[jackson-core-2.2.2.jar:2.2.2]
	at com.fasterxml.jackson.core.base.ParserMinimalBase._reportError(ParserMinimalBase.java:599) ~[jackson-core-2.2.2.jar:2.2.2]
	at com.fasterxml.jackson.core.base.ParserMinimalBase._reportUnexpectedChar(ParserMinimalBase.java:520) ~[jackson-core-2.2.2.jar:2.2.2]
	at com.fasterxml.jackson.core.json.UTF8StreamJsonParser._handleUnexpectedValue(UTF8StreamJsonParser.java:2267) ~[jackson-core-2.2.2.jar:2.2.2]
	at com.fasterxml.jackson.core.json.UTF8StreamJsonParser._nextTokenNotInObject(UTF8StreamJsonParser.java:779) ~[jackson-core-2.2.2.jar:2.2.2]
	at com.fasterxml.jackson.core.json.UTF8StreamJsonParser.nextToken(UTF8StreamJsonParser.java:665) ~[jackson-core-2.2.2.jar:2.2.2]
	at com.fasterxml.jackson.databind.ObjectMapper._initForReading(ObjectMapper.java:2926) ~[jackson-databind-2.2.2.jar:2.2.2]
	at com.fasterxml.jackson.databind.ObjectMapper._readMapAndClose(ObjectMapper.java:2873) ~[jackson-databind-2.2.2.jar:2.2.2]
	at com.fasterxml.jackson.databind.ObjectMapper.readValue(ObjectMapper.java:2080) ~[jackson-databind-2.2.2.jar:2.2.2]
	at play.libs.Json.parse(Json.java:80) ~[play-json_2.10-2.2.3.jar:2.2.3]
	... 17 common frames omitted

2015-04-12 14:08:23,054 - [DEBUG] - from application in play-akka.actor.default-dispatcher-10 
[securesocial] calling deleteExpiredTokens()

2015-04-12 14:10:53,910 - [INFO] - from application in play-internal-execution-context-1 
[securesocial] unloaded identity provider: userpass

2015-04-12 14:10:53,911 - [INFO] - from application in play-internal-execution-context-1 
[securesocial] unloaded identity provider: google

2015-04-12 14:10:53,912 - [INFO] - from application in play-internal-execution-context-1 
[securesocial] unloaded identity provider: facebook

2015-04-12 14:10:53,912 - [INFO] - from application in play-internal-execution-context-1 
[securesocial] unloaded identity provider: twitter

2015-04-12 14:10:53,912 - [INFO] - from application in play-internal-execution-context-1 
[securesocial] unloaded password hasher bcrypt

2015-04-12 14:10:53,913 - [INFO] - from play in play-internal-execution-context-1 
Shutdown application default Akka system.

2015-04-12 14:10:54,027 - [INFO] - from play in play-internal-execution-context-1 
database [default] connected at jdbc:h2:mem:play

2015-04-12 14:10:54,079 - [INFO] - from application in play-internal-execution-context-1 
[securesocial] loaded templates plugin: securesocial.controllers.DefaultTemplatesPlugin

2015-04-12 14:10:54,102 - [INFO] - from play in play-internal-execution-context-1 
Starting application default Akka system.

2015-04-12 14:10:54,106 - [INFO] - from application in play-internal-execution-context-1 
[securesocial] loaded user service: class plugins.InMemoryUserService

2015-04-12 14:10:54,106 - [DEBUG] - from application in play-akka.actor.default-dispatcher-10 
[securesocial] calling deleteExpiredTokens()

2015-04-12 14:10:54,107 - [INFO] - from application in play-internal-execution-context-1 
[securesocial] loaded password hasher bcrypt

2015-04-12 14:10:54,109 - [INFO] - from application in play-internal-execution-context-1 
[securesocial] loaded identity provider: twitter

2015-04-12 14:10:54,110 - [INFO] - from application in play-internal-execution-context-1 
[securesocial] loaded identity provider: facebook

2015-04-12 14:10:54,110 - [INFO] - from application in play-internal-execution-context-1 
[securesocial] loaded identity provider: google

2015-04-12 14:10:54,110 - [INFO] - from application in play-internal-execution-context-1 
[securesocial] loaded identity provider: userpass

2015-04-12 14:10:54,110 - [INFO] - from play in play-internal-execution-context-1 
Application started (Dev)

2015-04-12 14:10:54,493 - [ERROR] - from play in play-internal-execution-context-1 
Cannot invoke the action, eventually got an error: java.lang.RuntimeException: com.fasterxml.jackson.core.JsonParseException: Unexpected character ('<' (code 60)): expected a valid value (number, String, array, object, 'true', 'false' or 'null')
 at [Source: org.jboss.netty.buffer.ChannelBufferInputStream@6f0a0ca2; line: 1, column: 2]

2015-04-12 14:10:54,502 - [ERROR] - from application in play-internal-execution-context-1 


! @6lnbf2868 - Internal server error, for (GET) [/feedZilla] ->

play.api.Application$$anon$1: Execution exception[[RuntimeException: com.fasterxml.jackson.core.JsonParseException: Unexpected character ('<' (code 60)): expected a valid value (number, String, array, object, 'true', 'false' or 'null')
 at [Source: org.jboss.netty.buffer.ChannelBufferInputStream@6f0a0ca2; line: 1, column: 2]]]
	at play.api.Application$class.handleError(Application.scala:293) ~[play_2.10-2.2.3.jar:2.2.3]
	at play.api.DefaultApplication.handleError(Application.scala:399) [play_2.10-2.2.3.jar:2.2.3]
	at play.core.server.netty.PlayDefaultUpstreamHandler$$anonfun$3$$anonfun$applyOrElse$3.apply(PlayDefaultUpstreamHandler.scala:264) [play_2.10-2.2.3.jar:2.2.3]
	at play.core.server.netty.PlayDefaultUpstreamHandler$$anonfun$3$$anonfun$applyOrElse$3.apply(PlayDefaultUpstreamHandler.scala:264) [play_2.10-2.2.3.jar:2.2.3]
	at scala.Option.map(Option.scala:145) [scala-library-2.10.3.jar:na]
	at play.core.server.netty.PlayDefaultUpstreamHandler$$anonfun$3.applyOrElse(PlayDefaultUpstreamHandler.scala:264) [play_2.10-2.2.3.jar:2.2.3]
	at play.core.server.netty.PlayDefaultUpstreamHandler$$anonfun$3.applyOrElse(PlayDefaultUpstreamHandler.scala:260) [play_2.10-2.2.3.jar:2.2.3]
	at scala.concurrent.Future$$anonfun$recoverWith$1.apply(Future.scala:344) [scala-library-2.10.3.jar:na]
	at scala.concurrent.Future$$anonfun$recoverWith$1.apply(Future.scala:343) [scala-library-2.10.3.jar:na]
	at scala.concurrent.impl.CallbackRunnable.run(Promise.scala:32) [scala-library-2.10.3.jar:na]
	at play.api.libs.iteratee.Execution$$anon$1.execute(Execution.scala:43) [play-iteratees_2.10-2.2.3.jar:2.2.3]
	at scala.concurrent.impl.CallbackRunnable.executeWithValue(Promise.scala:40) [scala-library-2.10.3.jar:na]
	at scala.concurrent.impl.Promise$DefaultPromise.tryComplete(Promise.scala:248) [scala-library-2.10.3.jar:na]
	at scala.concurrent.Promise$class.complete(Promise.scala:55) [scala-library-2.10.3.jar:na]
	at scala.concurrent.impl.Promise$DefaultPromise.complete(Promise.scala:153) [scala-library-2.10.3.jar:na]
	at scala.concurrent.Future$$anonfun$map$1.apply(Future.scala:235) [scala-library-2.10.3.jar:na]
	at scala.concurrent.Future$$anonfun$map$1.apply(Future.scala:235) [scala-library-2.10.3.jar:na]
	at scala.concurrent.impl.CallbackRunnable.run(Promise.scala:32) [scala-library-2.10.3.jar:na]
	at scala.concurrent.forkjoin.ForkJoinTask$AdaptedRunnableAction.exec(ForkJoinTask.java:1361) [scala-library-2.10.3.jar:na]
	at scala.concurrent.forkjoin.ForkJoinTask.doExec(ForkJoinTask.java:260) [scala-library-2.10.3.jar:na]
	at scala.concurrent.forkjoin.ForkJoinPool$WorkQueue.runTask(ForkJoinPool.java:1339) [scala-library-2.10.3.jar:na]
	at scala.concurrent.forkjoin.ForkJoinPool.runWorker(ForkJoinPool.java:1979) [scala-library-2.10.3.jar:na]
	at scala.concurrent.forkjoin.ForkJoinWorkerThread.run(ForkJoinWorkerThread.java:107) [scala-library-2.10.3.jar:na]
Caused by: java.lang.RuntimeException: com.fasterxml.jackson.core.JsonParseException: Unexpected character ('<' (code 60)): expected a valid value (number, String, array, object, 'true', 'false' or 'null')
 at [Source: org.jboss.netty.buffer.ChannelBufferInputStream@6f0a0ca2; line: 1, column: 2]
	at play.libs.Json.parse(Json.java:82) ~[play-json_2.10-2.2.3.jar:2.2.3]
	at play.libs.WS$Response.asJson(WS.java:704) ~[play-java_2.10-2.2.3.jar:2.2.3]
	at controllers.NewsFeed$1.apply(NewsFeed.java:27) ~[na:na]
	at controllers.NewsFeed$1.apply(NewsFeed.java:25) ~[na:na]
	at play.core.j.FPromiseHelper$$anonfun$map$1.apply(FPromiseHelper.scala:79) ~[play_2.10-2.2.3.jar:2.2.3]
	at scala.util.Success$$anonfun$map$1.apply(Try.scala:206) ~[scala-library-2.10.3.jar:na]
	at scala.util.Try$.apply(Try.scala:161) ~[scala-library-2.10.3.jar:na]
	at scala.util.Success.map(Try.scala:206) ~[scala-library-2.10.3.jar:na]
	at scala.concurrent.Future$$anonfun$map$1.apply(Future.scala:235) [scala-library-2.10.3.jar:na]
	at scala.concurrent.Future$$anonfun$map$1.apply(Future.scala:235) [scala-library-2.10.3.jar:na]
	at scala.concurrent.impl.CallbackRunnable.run(Promise.scala:32) [scala-library-2.10.3.jar:na]
	at play.core.j.HttpExecutionContext$$anon$2.run(HttpExecutionContext.scala:37) ~[play_2.10-2.2.3.jar:2.2.3]
	at akka.dispatch.TaskInvocation.run(AbstractDispatcher.scala:42) ~[akka-actor_2.10-2.2.0.jar:2.2.0]
	at akka.dispatch.ForkJoinExecutorConfigurator$AkkaForkJoinTask.exec(AbstractDispatcher.scala:386) ~[akka-actor_2.10-2.2.0.jar:2.2.0]
	... 4 common frames omitted
Caused by: com.fasterxml.jackson.core.JsonParseException: Unexpected character ('<' (code 60)): expected a valid value (number, String, array, object, 'true', 'false' or 'null')
 at [Source: org.jboss.netty.buffer.ChannelBufferInputStream@6f0a0ca2; line: 1, column: 2]
	at com.fasterxml.jackson.core.JsonParser._constructError(JsonParser.java:1369) ~[jackson-core-2.2.2.jar:2.2.2]
	at com.fasterxml.jackson.core.base.ParserMinimalBase._reportError(ParserMinimalBase.java:599) ~[jackson-core-2.2.2.jar:2.2.2]
	at com.fasterxml.jackson.core.base.ParserMinimalBase._reportUnexpectedChar(ParserMinimalBase.java:520) ~[jackson-core-2.2.2.jar:2.2.2]
	at com.fasterxml.jackson.core.json.UTF8StreamJsonParser._handleUnexpectedValue(UTF8StreamJsonParser.java:2267) ~[jackson-core-2.2.2.jar:2.2.2]
	at com.fasterxml.jackson.core.json.UTF8StreamJsonParser._nextTokenNotInObject(UTF8StreamJsonParser.java:779) ~[jackson-core-2.2.2.jar:2.2.2]
	at com.fasterxml.jackson.core.json.UTF8StreamJsonParser.nextToken(UTF8StreamJsonParser.java:665) ~[jackson-core-2.2.2.jar:2.2.2]
	at com.fasterxml.jackson.databind.ObjectMapper._initForReading(ObjectMapper.java:2926) ~[jackson-databind-2.2.2.jar:2.2.2]
	at com.fasterxml.jackson.databind.ObjectMapper._readMapAndClose(ObjectMapper.java:2873) ~[jackson-databind-2.2.2.jar:2.2.2]
	at com.fasterxml.jackson.databind.ObjectMapper.readValue(ObjectMapper.java:2080) ~[jackson-databind-2.2.2.jar:2.2.2]
	at play.libs.Json.parse(Json.java:80) ~[play-json_2.10-2.2.3.jar:2.2.3]
	... 17 common frames omitted

2015-04-12 14:15:54,116 - [DEBUG] - from application in play-akka.actor.default-dispatcher-10 
[securesocial] calling deleteExpiredTokens()

2015-04-12 14:20:54,115 - [DEBUG] - from application in play-akka.actor.default-dispatcher-10 
[securesocial] calling deleteExpiredTokens()

2015-04-12 14:25:54,115 - [DEBUG] - from application in play-akka.actor.default-dispatcher-10 
[securesocial] calling deleteExpiredTokens()

2015-04-12 14:30:54,116 - [DEBUG] - from application in play-akka.actor.default-dispatcher-10 
[securesocial] calling deleteExpiredTokens()

2015-04-12 14:35:54,115 - [DEBUG] - from application in play-akka.actor.default-dispatcher-10 
[securesocial] calling deleteExpiredTokens()

2015-04-12 14:40:54,116 - [DEBUG] - from application in play-akka.actor.default-dispatcher-10 
[securesocial] calling deleteExpiredTokens()

2015-04-12 14:45:54,116 - [DEBUG] - from application in play-akka.actor.default-dispatcher-10 
[securesocial] calling deleteExpiredTokens()

2015-04-12 14:50:54,116 - [DEBUG] - from application in play-akka.actor.default-dispatcher-10 
[securesocial] calling deleteExpiredTokens()

2015-04-12 14:55:54,116 - [DEBUG] - from application in play-akka.actor.default-dispatcher-10 
[securesocial] calling deleteExpiredTokens()

2015-04-12 15:00:54,116 - [DEBUG] - from application in play-akka.actor.default-dispatcher-10 
[securesocial] calling deleteExpiredTokens()

2015-04-12 15:05:54,116 - [DEBUG] - from application in play-akka.actor.default-dispatcher-10 
[securesocial] calling deleteExpiredTokens()

2015-04-12 15:10:54,116 - [DEBUG] - from application in play-akka.actor.default-dispatcher-10 
[securesocial] calling deleteExpiredTokens()

2015-04-12 15:15:54,115 - [DEBUG] - from application in play-akka.actor.default-dispatcher-10 
[securesocial] calling deleteExpiredTokens()

2015-04-12 15:20:54,116 - [DEBUG] - from application in play-akka.actor.default-dispatcher-10 
[securesocial] calling deleteExpiredTokens()

2015-04-12 15:25:54,116 - [DEBUG] - from application in play-akka.actor.default-dispatcher-10 
[securesocial] calling deleteExpiredTokens()

2015-04-12 15:30:54,116 - [DEBUG] - from application in play-akka.actor.default-dispatcher-10 
[securesocial] calling deleteExpiredTokens()

2015-04-12 15:35:54,115 - [DEBUG] - from application in play-akka.actor.default-dispatcher-10 
[securesocial] calling deleteExpiredTokens()

2015-04-12 15:40:54,116 - [DEBUG] - from application in play-akka.actor.default-dispatcher-10 
[securesocial] calling deleteExpiredTokens()

2015-04-12 15:41:39,135 - [ERROR] - from application in New I/O worker #8 


! @6lnc102b4 - Internal server error, for (GET) [/feedZilla] ->

play.PlayExceptions$CompilationException: Compilation error[error: no suitable method found for debug(Response)]
	at play.PlayReloader$$anon$1$$anonfun$reload$2$$anonfun$apply$14$$anonfun$apply$16.apply(PlayReloader.scala:304) ~[na:na]
	at play.PlayReloader$$anon$1$$anonfun$reload$2$$anonfun$apply$14$$anonfun$apply$16.apply(PlayReloader.scala:304) ~[na:na]
	at scala.Option.map(Option.scala:145) ~[scala-library-2.10.3.jar:na]
	at play.PlayReloader$$anon$1$$anonfun$reload$2$$anonfun$apply$14.apply(PlayReloader.scala:304) ~[na:na]
	at play.PlayReloader$$anon$1$$anonfun$reload$2$$anonfun$apply$14.apply(PlayReloader.scala:298) ~[na:na]
	at scala.Option.map(Option.scala:145) ~[scala-library-2.10.3.jar:na]
	at play.PlayReloader$$anon$1$$anonfun$reload$2.apply(PlayReloader.scala:298) ~[na:na]
	at play.PlayReloader$$anon$1$$anonfun$reload$2.apply(PlayReloader.scala:296) ~[na:na]
	at scala.util.Either$LeftProjection.map(Either.scala:377) ~[scala-library-2.10.3.jar:na]
	at play.PlayReloader$$anon$1.reload(PlayReloader.scala:296) ~[na:na]
	at play.core.ReloadableApplication$$anonfun$get$1.apply(ApplicationProvider.scala:104) ~[play_2.10-2.2.3.jar:2.2.3]
	at play.core.ReloadableApplication$$anonfun$get$1.apply(ApplicationProvider.scala:102) ~[play_2.10-2.2.3.jar:2.2.3]
	at scala.concurrent.impl.Future$PromiseCompletingRunnable.liftedTree1$1(Future.scala:24) ~[scala-library-2.10.3.jar:na]
	at scala.concurrent.impl.Future$PromiseCompletingRunnable.run(Future.scala:24) ~[scala-library-2.10.3.jar:na]
	at scala.concurrent.forkjoin.ForkJoinTask$AdaptedRunnableAction.exec(ForkJoinTask.java:1361) ~[scala-library-2.10.3.jar:na]
	at scala.concurrent.forkjoin.ForkJoinTask.doExec(ForkJoinTask.java:260) ~[scala-library-2.10.3.jar:na]
	at scala.concurrent.forkjoin.ForkJoinPool$WorkQueue.runTask(ForkJoinPool.java:1339) ~[scala-library-2.10.3.jar:na]
	at scala.concurrent.forkjoin.ForkJoinPool.runWorker(ForkJoinPool.java:1979) ~[scala-library-2.10.3.jar:na]
	at scala.concurrent.forkjoin.ForkJoinWorkerThread.run(ForkJoinWorkerThread.java:107) ~[scala-library-2.10.3.jar:na]

2015-04-12 15:43:45,775 - [INFO] - from application in play-internal-execution-context-1 
[securesocial] unloaded identity provider: userpass

2015-04-12 15:43:45,775 - [INFO] - from application in play-internal-execution-context-1 
[securesocial] unloaded identity provider: google

2015-04-12 15:43:45,775 - [INFO] - from application in play-internal-execution-context-1 
[securesocial] unloaded identity provider: facebook

2015-04-12 15:43:45,775 - [INFO] - from application in play-internal-execution-context-1 
[securesocial] unloaded identity provider: twitter

2015-04-12 15:43:45,775 - [INFO] - from application in play-internal-execution-context-1 
[securesocial] unloaded password hasher bcrypt

2015-04-12 15:43:45,776 - [INFO] - from play in play-internal-execution-context-1 
Shutdown application default Akka system.

2015-04-12 15:43:45,885 - [INFO] - from play in play-internal-execution-context-1 
database [default] connected at jdbc:h2:mem:play

2015-04-12 15:43:45,927 - [INFO] - from application in play-internal-execution-context-1 
[securesocial] loaded templates plugin: securesocial.controllers.DefaultTemplatesPlugin

2015-04-12 15:43:45,964 - [INFO] - from play in play-internal-execution-context-1 
Starting application default Akka system.

2015-04-12 15:43:45,966 - [INFO] - from application in play-internal-execution-context-1 
[securesocial] loaded user service: class plugins.InMemoryUserService

2015-04-12 15:43:45,967 - [INFO] - from application in play-internal-execution-context-1 
[securesocial] loaded password hasher bcrypt

2015-04-12 15:43:45,967 - [INFO] - from application in play-internal-execution-context-1 
[securesocial] loaded identity provider: twitter

2015-04-12 15:43:45,967 - [INFO] - from application in play-internal-execution-context-1 
[securesocial] loaded identity provider: facebook

2015-04-12 15:43:45,967 - [INFO] - from application in play-internal-execution-context-1 
[securesocial] loaded identity provider: google

2015-04-12 15:43:45,968 - [INFO] - from application in play-internal-execution-context-1 
[securesocial] loaded identity provider: userpass

2015-04-12 15:43:45,968 - [INFO] - from play in play-internal-execution-context-1 
Application started (Dev)

2015-04-12 15:43:45,966 - [DEBUG] - from application in play-akka.actor.default-dispatcher-10 
[securesocial] calling deleteExpiredTokens()

2015-04-12 15:43:46,476 - [DEBUG] - from application in play-akka.actor.default-dispatcher-10 
<h1>Developer Inactive</h1>

2015-04-12 15:43:46,477 - [ERROR] - from play in play-internal-execution-context-1 
Cannot invoke the action, eventually got an error: java.lang.RuntimeException: com.fasterxml.jackson.core.JsonParseException: Unexpected character ('<' (code 60)): expected a valid value (number, String, array, object, 'true', 'false' or 'null')
 at [Source: org.jboss.netty.buffer.ChannelBufferInputStream@5bf16526; line: 1, column: 2]

2015-04-12 15:43:46,486 - [ERROR] - from application in play-internal-execution-context-1 


! @6lnc178l9 - Internal server error, for (GET) [/feedZilla] ->

play.api.Application$$anon$1: Execution exception[[RuntimeException: com.fasterxml.jackson.core.JsonParseException: Unexpected character ('<' (code 60)): expected a valid value (number, String, array, object, 'true', 'false' or 'null')
 at [Source: org.jboss.netty.buffer.ChannelBufferInputStream@5bf16526; line: 1, column: 2]]]
	at play.api.Application$class.handleError(Application.scala:293) ~[play_2.10-2.2.3.jar:2.2.3]
	at play.api.DefaultApplication.handleError(Application.scala:399) [play_2.10-2.2.3.jar:2.2.3]
	at play.core.server.netty.PlayDefaultUpstreamHandler$$anonfun$3$$anonfun$applyOrElse$3.apply(PlayDefaultUpstreamHandler.scala:264) [play_2.10-2.2.3.jar:2.2.3]
	at play.core.server.netty.PlayDefaultUpstreamHandler$$anonfun$3$$anonfun$applyOrElse$3.apply(PlayDefaultUpstreamHandler.scala:264) [play_2.10-2.2.3.jar:2.2.3]
	at scala.Option.map(Option.scala:145) [scala-library-2.10.3.jar:na]
	at play.core.server.netty.PlayDefaultUpstreamHandler$$anonfun$3.applyOrElse(PlayDefaultUpstreamHandler.scala:264) [play_2.10-2.2.3.jar:2.2.3]
	at play.core.server.netty.PlayDefaultUpstreamHandler$$anonfun$3.applyOrElse(PlayDefaultUpstreamHandler.scala:260) [play_2.10-2.2.3.jar:2.2.3]
	at scala.concurrent.Future$$anonfun$recoverWith$1.apply(Future.scala:344) [scala-library-2.10.3.jar:na]
	at scala.concurrent.Future$$anonfun$recoverWith$1.apply(Future.scala:343) [scala-library-2.10.3.jar:na]
	at scala.concurrent.impl.CallbackRunnable.run(Promise.scala:32) [scala-library-2.10.3.jar:na]
	at play.api.libs.iteratee.Execution$$anon$1.execute(Execution.scala:43) [play-iteratees_2.10-2.2.3.jar:2.2.3]
	at scala.concurrent.impl.CallbackRunnable.executeWithValue(Promise.scala:40) [scala-library-2.10.3.jar:na]
	at scala.concurrent.impl.Promise$DefaultPromise.tryComplete(Promise.scala:248) [scala-library-2.10.3.jar:na]
	at scala.concurrent.Promise$class.complete(Promise.scala:55) [scala-library-2.10.3.jar:na]
	at scala.concurrent.impl.Promise$DefaultPromise.complete(Promise.scala:153) [scala-library-2.10.3.jar:na]
	at scala.concurrent.Future$$anonfun$map$1.apply(Future.scala:235) [scala-library-2.10.3.jar:na]
	at scala.concurrent.Future$$anonfun$map$1.apply(Future.scala:235) [scala-library-2.10.3.jar:na]
	at scala.concurrent.impl.CallbackRunnable.run(Promise.scala:32) [scala-library-2.10.3.jar:na]
	at scala.concurrent.forkjoin.ForkJoinTask$AdaptedRunnableAction.exec(ForkJoinTask.java:1361) [scala-library-2.10.3.jar:na]
	at scala.concurrent.forkjoin.ForkJoinTask.doExec(ForkJoinTask.java:260) [scala-library-2.10.3.jar:na]
	at scala.concurrent.forkjoin.ForkJoinPool$WorkQueue.runTask(ForkJoinPool.java:1339) [scala-library-2.10.3.jar:na]
	at scala.concurrent.forkjoin.ForkJoinPool.runWorker(ForkJoinPool.java:1979) [scala-library-2.10.3.jar:na]
	at scala.concurrent.forkjoin.ForkJoinWorkerThread.run(ForkJoinWorkerThread.java:107) [scala-library-2.10.3.jar:na]
Caused by: java.lang.RuntimeException: com.fasterxml.jackson.core.JsonParseException: Unexpected character ('<' (code 60)): expected a valid value (number, String, array, object, 'true', 'false' or 'null')
 at [Source: org.jboss.netty.buffer.ChannelBufferInputStream@5bf16526; line: 1, column: 2]
	at play.libs.Json.parse(Json.java:82) ~[play-json_2.10-2.2.3.jar:2.2.3]
	at play.libs.WS$Response.asJson(WS.java:704) ~[play-java_2.10-2.2.3.jar:2.2.3]
	at controllers.NewsFeed$1.apply(NewsFeed.java:28) ~[na:na]
	at controllers.NewsFeed$1.apply(NewsFeed.java:25) ~[na:na]
	at play.core.j.FPromiseHelper$$anonfun$map$1.apply(FPromiseHelper.scala:79) ~[play_2.10-2.2.3.jar:2.2.3]
	at scala.util.Success$$anonfun$map$1.apply(Try.scala:206) ~[scala-library-2.10.3.jar:na]
	at scala.util.Try$.apply(Try.scala:161) ~[scala-library-2.10.3.jar:na]
	at scala.util.Success.map(Try.scala:206) ~[scala-library-2.10.3.jar:na]
	at scala.concurrent.Future$$anonfun$map$1.apply(Future.scala:235) [scala-library-2.10.3.jar:na]
	at scala.concurrent.Future$$anonfun$map$1.apply(Future.scala:235) [scala-library-2.10.3.jar:na]
	at scala.concurrent.impl.CallbackRunnable.run(Promise.scala:32) [scala-library-2.10.3.jar:na]
	at play.core.j.HttpExecutionContext$$anon$2.run(HttpExecutionContext.scala:37) ~[play_2.10-2.2.3.jar:2.2.3]
	at akka.dispatch.TaskInvocation.run(AbstractDispatcher.scala:42) ~[akka-actor_2.10-2.2.0.jar:2.2.0]
	at akka.dispatch.ForkJoinExecutorConfigurator$AkkaForkJoinTask.exec(AbstractDispatcher.scala:386) ~[akka-actor_2.10-2.2.0.jar:2.2.0]
	... 4 common frames omitted
Caused by: com.fasterxml.jackson.core.JsonParseException: Unexpected character ('<' (code 60)): expected a valid value (number, String, array, object, 'true', 'false' or 'null')
 at [Source: org.jboss.netty.buffer.ChannelBufferInputStream@5bf16526; line: 1, column: 2]
	at com.fasterxml.jackson.core.JsonParser._constructError(JsonParser.java:1369) ~[jackson-core-2.2.2.jar:2.2.2]
	at com.fasterxml.jackson.core.base.ParserMinimalBase._reportError(ParserMinimalBase.java:599) ~[jackson-core-2.2.2.jar:2.2.2]
	at com.fasterxml.jackson.core.base.ParserMinimalBase._reportUnexpectedChar(ParserMinimalBase.java:520) ~[jackson-core-2.2.2.jar:2.2.2]
	at com.fasterxml.jackson.core.json.UTF8StreamJsonParser._handleUnexpectedValue(UTF8StreamJsonParser.java:2267) ~[jackson-core-2.2.2.jar:2.2.2]
	at com.fasterxml.jackson.core.json.UTF8StreamJsonParser._nextTokenNotInObject(UTF8StreamJsonParser.java:779) ~[jackson-core-2.2.2.jar:2.2.2]
	at com.fasterxml.jackson.core.json.UTF8StreamJsonParser.nextToken(UTF8StreamJsonParser.java:665) ~[jackson-core-2.2.2.jar:2.2.2]
	at com.fasterxml.jackson.databind.ObjectMapper._initForReading(ObjectMapper.java:2926) ~[jackson-databind-2.2.2.jar:2.2.2]
	at com.fasterxml.jackson.databind.ObjectMapper._readMapAndClose(ObjectMapper.java:2873) ~[jackson-databind-2.2.2.jar:2.2.2]
	at com.fasterxml.jackson.databind.ObjectMapper.readValue(ObjectMapper.java:2080) ~[jackson-databind-2.2.2.jar:2.2.2]
	at play.libs.Json.parse(Json.java:80) ~[play-json_2.10-2.2.3.jar:2.2.3]
	... 17 common frames omitted

2015-04-12 15:46:14,819 - [INFO] - from application in play-internal-execution-context-1 
[securesocial] unloaded identity provider: userpass

2015-04-12 15:46:14,819 - [INFO] - from application in play-internal-execution-context-1 
[securesocial] unloaded identity provider: google

2015-04-12 15:46:14,819 - [INFO] - from application in play-internal-execution-context-1 
[securesocial] unloaded identity provider: facebook

2015-04-12 15:46:14,819 - [INFO] - from application in play-internal-execution-context-1 
[securesocial] unloaded identity provider: twitter

2015-04-12 15:46:14,820 - [INFO] - from application in play-internal-execution-context-1 
[securesocial] unloaded password hasher bcrypt

2015-04-12 15:46:14,820 - [INFO] - from play in play-internal-execution-context-1 
Shutdown application default Akka system.

2015-04-12 15:46:14,938 - [INFO] - from play in play-internal-execution-context-1 
database [default] connected at jdbc:h2:mem:play

2015-04-12 15:46:14,989 - [INFO] - from application in play-internal-execution-context-1 
[securesocial] loaded templates plugin: securesocial.controllers.DefaultTemplatesPlugin

2015-04-12 15:46:15,015 - [INFO] - from play in play-internal-execution-context-1 
Starting application default Akka system.

2015-04-12 15:46:15,017 - [INFO] - from application in play-internal-execution-context-1 
[securesocial] loaded user service: class plugins.InMemoryUserService

2015-04-12 15:46:15,018 - [DEBUG] - from application in play-akka.actor.default-dispatcher-12 
[securesocial] calling deleteExpiredTokens()

2015-04-12 15:46:15,020 - [INFO] - from application in play-internal-execution-context-1 
[securesocial] loaded password hasher bcrypt

2015-04-12 15:46:15,021 - [INFO] - from application in play-internal-execution-context-1 
[securesocial] loaded identity provider: twitter

2015-04-12 15:46:15,021 - [INFO] - from application in play-internal-execution-context-1 
[securesocial] loaded identity provider: facebook

2015-04-12 15:46:15,023 - [INFO] - from application in play-internal-execution-context-1 
[securesocial] loaded identity provider: google

2015-04-12 15:46:15,023 - [INFO] - from application in play-internal-execution-context-1 
[securesocial] loaded identity provider: userpass

2015-04-12 15:46:15,023 - [INFO] - from play in play-internal-execution-context-1 
Application started (Dev)

2015-04-12 15:46:15,606 - [DEBUG] - from application in play-akka.actor.default-dispatcher-12 
<h1>Developer Inactive</h1>

2015-04-12 15:46:15,607 - [ERROR] - from play in play-internal-execution-context-1 
Cannot invoke the action, eventually got an error: java.lang.RuntimeException: com.fasterxml.jackson.core.JsonParseException: Unexpected character ('<' (code 60)): expected a valid value (number, String, array, object, 'true', 'false' or 'null')
 at [Source: org.jboss.netty.buffer.ChannelBufferInputStream@5383abfe; line: 1, column: 2]

2015-04-12 15:46:15,616 - [ERROR] - from application in play-internal-execution-context-1 


! @6lnc1flb3 - Internal server error, for (GET) [/feedZilla] ->

play.api.Application$$anon$1: Execution exception[[RuntimeException: com.fasterxml.jackson.core.JsonParseException: Unexpected character ('<' (code 60)): expected a valid value (number, String, array, object, 'true', 'false' or 'null')
 at [Source: org.jboss.netty.buffer.ChannelBufferInputStream@5383abfe; line: 1, column: 2]]]
	at play.api.Application$class.handleError(Application.scala:293) ~[play_2.10-2.2.3.jar:2.2.3]
	at play.api.DefaultApplication.handleError(Application.scala:399) [play_2.10-2.2.3.jar:2.2.3]
	at play.core.server.netty.PlayDefaultUpstreamHandler$$anonfun$3$$anonfun$applyOrElse$3.apply(PlayDefaultUpstreamHandler.scala:264) [play_2.10-2.2.3.jar:2.2.3]
	at play.core.server.netty.PlayDefaultUpstreamHandler$$anonfun$3$$anonfun$applyOrElse$3.apply(PlayDefaultUpstreamHandler.scala:264) [play_2.10-2.2.3.jar:2.2.3]
	at scala.Option.map(Option.scala:145) [scala-library-2.10.3.jar:na]
	at play.core.server.netty.PlayDefaultUpstreamHandler$$anonfun$3.applyOrElse(PlayDefaultUpstreamHandler.scala:264) [play_2.10-2.2.3.jar:2.2.3]
	at play.core.server.netty.PlayDefaultUpstreamHandler$$anonfun$3.applyOrElse(PlayDefaultUpstreamHandler.scala:260) [play_2.10-2.2.3.jar:2.2.3]
	at scala.concurrent.Future$$anonfun$recoverWith$1.apply(Future.scala:344) [scala-library-2.10.3.jar:na]
	at scala.concurrent.Future$$anonfun$recoverWith$1.apply(Future.scala:343) [scala-library-2.10.3.jar:na]
	at scala.concurrent.impl.CallbackRunnable.run(Promise.scala:32) [scala-library-2.10.3.jar:na]
	at play.api.libs.iteratee.Execution$$anon$1.execute(Execution.scala:43) [play-iteratees_2.10-2.2.3.jar:2.2.3]
	at scala.concurrent.impl.CallbackRunnable.executeWithValue(Promise.scala:40) [scala-library-2.10.3.jar:na]
	at scala.concurrent.impl.Promise$DefaultPromise.tryComplete(Promise.scala:248) [scala-library-2.10.3.jar:na]
	at scala.concurrent.Promise$class.complete(Promise.scala:55) [scala-library-2.10.3.jar:na]
	at scala.concurrent.impl.Promise$DefaultPromise.complete(Promise.scala:153) [scala-library-2.10.3.jar:na]
	at scala.concurrent.Future$$anonfun$map$1.apply(Future.scala:235) [scala-library-2.10.3.jar:na]
	at scala.concurrent.Future$$anonfun$map$1.apply(Future.scala:235) [scala-library-2.10.3.jar:na]
	at scala.concurrent.impl.CallbackRunnable.run(Promise.scala:32) [scala-library-2.10.3.jar:na]
	at scala.concurrent.forkjoin.ForkJoinTask$AdaptedRunnableAction.exec(ForkJoinTask.java:1361) [scala-library-2.10.3.jar:na]
	at scala.concurrent.forkjoin.ForkJoinTask.doExec(ForkJoinTask.java:260) [scala-library-2.10.3.jar:na]
	at scala.concurrent.forkjoin.ForkJoinPool$WorkQueue.runTask(ForkJoinPool.java:1339) [scala-library-2.10.3.jar:na]
	at scala.concurrent.forkjoin.ForkJoinPool.runWorker(ForkJoinPool.java:1979) [scala-library-2.10.3.jar:na]
	at scala.concurrent.forkjoin.ForkJoinWorkerThread.run(ForkJoinWorkerThread.java:107) [scala-library-2.10.3.jar:na]
Caused by: java.lang.RuntimeException: com.fasterxml.jackson.core.JsonParseException: Unexpected character ('<' (code 60)): expected a valid value (number, String, array, object, 'true', 'false' or 'null')
 at [Source: org.jboss.netty.buffer.ChannelBufferInputStream@5383abfe; line: 1, column: 2]
	at play.libs.Json.parse(Json.java:82) ~[play-json_2.10-2.2.3.jar:2.2.3]
	at play.libs.WS$Response.asJson(WS.java:704) ~[play-java_2.10-2.2.3.jar:2.2.3]
	at controllers.NewsFeed$1.apply(NewsFeed.java:28) ~[na:na]
	at controllers.NewsFeed$1.apply(NewsFeed.java:25) ~[na:na]
	at play.core.j.FPromiseHelper$$anonfun$map$1.apply(FPromiseHelper.scala:79) ~[play_2.10-2.2.3.jar:2.2.3]
	at scala.util.Success$$anonfun$map$1.apply(Try.scala:206) ~[scala-library-2.10.3.jar:na]
	at scala.util.Try$.apply(Try.scala:161) ~[scala-library-2.10.3.jar:na]
	at scala.util.Success.map(Try.scala:206) ~[scala-library-2.10.3.jar:na]
	at scala.concurrent.Future$$anonfun$map$1.apply(Future.scala:235) [scala-library-2.10.3.jar:na]
	at scala.concurrent.Future$$anonfun$map$1.apply(Future.scala:235) [scala-library-2.10.3.jar:na]
	at scala.concurrent.impl.CallbackRunnable.run(Promise.scala:32) [scala-library-2.10.3.jar:na]
	at play.core.j.HttpExecutionContext$$anon$2.run(HttpExecutionContext.scala:37) ~[play_2.10-2.2.3.jar:2.2.3]
	at akka.dispatch.TaskInvocation.run(AbstractDispatcher.scala:42) ~[akka-actor_2.10-2.2.0.jar:2.2.0]
	at akka.dispatch.ForkJoinExecutorConfigurator$AkkaForkJoinTask.exec(AbstractDispatcher.scala:386) ~[akka-actor_2.10-2.2.0.jar:2.2.0]
	... 4 common frames omitted
Caused by: com.fasterxml.jackson.core.JsonParseException: Unexpected character ('<' (code 60)): expected a valid value (number, String, array, object, 'true', 'false' or 'null')
 at [Source: org.jboss.netty.buffer.ChannelBufferInputStream@5383abfe; line: 1, column: 2]
	at com.fasterxml.jackson.core.JsonParser._constructError(JsonParser.java:1369) ~[jackson-core-2.2.2.jar:2.2.2]
	at com.fasterxml.jackson.core.base.ParserMinimalBase._reportError(ParserMinimalBase.java:599) ~[jackson-core-2.2.2.jar:2.2.2]
	at com.fasterxml.jackson.core.base.ParserMinimalBase._reportUnexpectedChar(ParserMinimalBase.java:520) ~[jackson-core-2.2.2.jar:2.2.2]
	at com.fasterxml.jackson.core.json.UTF8StreamJsonParser._handleUnexpectedValue(UTF8StreamJsonParser.java:2267) ~[jackson-core-2.2.2.jar:2.2.2]
	at com.fasterxml.jackson.core.json.UTF8StreamJsonParser._nextTokenNotInObject(UTF8StreamJsonParser.java:779) ~[jackson-core-2.2.2.jar:2.2.2]
	at com.fasterxml.jackson.core.json.UTF8StreamJsonParser.nextToken(UTF8StreamJsonParser.java:665) ~[jackson-core-2.2.2.jar:2.2.2]
	at com.fasterxml.jackson.databind.ObjectMapper._initForReading(ObjectMapper.java:2926) ~[jackson-databind-2.2.2.jar:2.2.2]
	at com.fasterxml.jackson.databind.ObjectMapper._readMapAndClose(ObjectMapper.java:2873) ~[jackson-databind-2.2.2.jar:2.2.2]
	at com.fasterxml.jackson.databind.ObjectMapper.readValue(ObjectMapper.java:2080) ~[jackson-databind-2.2.2.jar:2.2.2]
	at play.libs.Json.parse(Json.java:80) ~[play-json_2.10-2.2.3.jar:2.2.3]
	... 17 common frames omitted

2015-04-12 15:47:12,092 - [INFO] - from application in play-internal-execution-context-1 
[securesocial] unloaded identity provider: userpass

2015-04-12 15:47:12,092 - [INFO] - from application in play-internal-execution-context-1 
[securesocial] unloaded identity provider: google

2015-04-12 15:47:12,092 - [INFO] - from application in play-internal-execution-context-1 
[securesocial] unloaded identity provider: facebook

2015-04-12 15:47:12,092 - [INFO] - from application in play-internal-execution-context-1 
[securesocial] unloaded identity provider: twitter

2015-04-12 15:47:12,092 - [INFO] - from application in play-internal-execution-context-1 
[securesocial] unloaded password hasher bcrypt

2015-04-12 15:47:12,092 - [INFO] - from play in play-internal-execution-context-1 
Shutdown application default Akka system.

2015-04-12 15:47:12,193 - [INFO] - from play in play-internal-execution-context-1 
database [default] connected at jdbc:h2:mem:play

2015-04-12 15:47:12,243 - [INFO] - from application in play-internal-execution-context-1 
[securesocial] loaded templates plugin: securesocial.controllers.DefaultTemplatesPlugin

2015-04-12 15:47:12,265 - [INFO] - from play in play-internal-execution-context-1 
Starting application default Akka system.

2015-04-12 15:47:12,266 - [INFO] - from application in play-internal-execution-context-1 
[securesocial] loaded user service: class plugins.InMemoryUserService

2015-04-12 15:47:12,266 - [DEBUG] - from application in play-akka.actor.default-dispatcher-12 
[securesocial] calling deleteExpiredTokens()

2015-04-12 15:47:12,270 - [INFO] - from application in play-internal-execution-context-1 
[securesocial] loaded password hasher bcrypt

2015-04-12 15:47:12,271 - [INFO] - from application in play-internal-execution-context-1 
[securesocial] loaded identity provider: twitter

2015-04-12 15:47:12,273 - [INFO] - from application in play-internal-execution-context-1 
[securesocial] loaded identity provider: facebook

2015-04-12 15:47:12,273 - [INFO] - from application in play-internal-execution-context-1 
[securesocial] loaded identity provider: google

2015-04-12 15:47:12,273 - [INFO] - from application in play-internal-execution-context-1 
[securesocial] loaded identity provider: userpass

2015-04-12 15:47:12,273 - [INFO] - from play in play-internal-execution-context-1 
Application started (Dev)

2015-04-12 15:47:12,424 - [DEBUG] - from application in play-akka.actor.default-dispatcher-12 
<h1>Developer Inactive</h1>

2015-04-12 15:47:12,425 - [ERROR] - from play in play-internal-execution-context-1 
Cannot invoke the action, eventually got an error: java.lang.RuntimeException: com.fasterxml.jackson.core.JsonParseException: Unexpected character ('<' (code 60)): expected a valid value (number, String, array, object, 'true', 'false' or 'null')
 at [Source: org.jboss.netty.buffer.ChannelBufferInputStream@5d444ffe; line: 1, column: 2]

2015-04-12 15:47:12,441 - [ERROR] - from application in play-internal-execution-context-1 


! @6lnc1j1cb - Internal server error, for (GET) [/feedZilla] ->

play.api.Application$$anon$1: Execution exception[[RuntimeException: com.fasterxml.jackson.core.JsonParseException: Unexpected character ('<' (code 60)): expected a valid value (number, String, array, object, 'true', 'false' or 'null')
 at [Source: org.jboss.netty.buffer.ChannelBufferInputStream@5d444ffe; line: 1, column: 2]]]
	at play.api.Application$class.handleError(Application.scala:293) ~[play_2.10-2.2.3.jar:2.2.3]
	at play.api.DefaultApplication.handleError(Application.scala:399) [play_2.10-2.2.3.jar:2.2.3]
	at play.core.server.netty.PlayDefaultUpstreamHandler$$anonfun$3$$anonfun$applyOrElse$3.apply(PlayDefaultUpstreamHandler.scala:264) [play_2.10-2.2.3.jar:2.2.3]
	at play.core.server.netty.PlayDefaultUpstreamHandler$$anonfun$3$$anonfun$applyOrElse$3.apply(PlayDefaultUpstreamHandler.scala:264) [play_2.10-2.2.3.jar:2.2.3]
	at scala.Option.map(Option.scala:145) [scala-library-2.10.3.jar:na]
	at play.core.server.netty.PlayDefaultUpstreamHandler$$anonfun$3.applyOrElse(PlayDefaultUpstreamHandler.scala:264) [play_2.10-2.2.3.jar:2.2.3]
	at play.core.server.netty.PlayDefaultUpstreamHandler$$anonfun$3.applyOrElse(PlayDefaultUpstreamHandler.scala:260) [play_2.10-2.2.3.jar:2.2.3]
	at scala.concurrent.Future$$anonfun$recoverWith$1.apply(Future.scala:344) [scala-library-2.10.3.jar:na]
	at scala.concurrent.Future$$anonfun$recoverWith$1.apply(Future.scala:343) [scala-library-2.10.3.jar:na]
	at scala.concurrent.impl.CallbackRunnable.run(Promise.scala:32) [scala-library-2.10.3.jar:na]
	at play.api.libs.iteratee.Execution$$anon$1.execute(Execution.scala:43) [play-iteratees_2.10-2.2.3.jar:2.2.3]
	at scala.concurrent.impl.CallbackRunnable.executeWithValue(Promise.scala:40) [scala-library-2.10.3.jar:na]
	at scala.concurrent.impl.Promise$DefaultPromise.tryComplete(Promise.scala:248) [scala-library-2.10.3.jar:na]
	at scala.concurrent.Promise$class.complete(Promise.scala:55) [scala-library-2.10.3.jar:na]
	at scala.concurrent.impl.Promise$DefaultPromise.complete(Promise.scala:153) [scala-library-2.10.3.jar:na]
	at scala.concurrent.Future$$anonfun$map$1.apply(Future.scala:235) [scala-library-2.10.3.jar:na]
	at scala.concurrent.Future$$anonfun$map$1.apply(Future.scala:235) [scala-library-2.10.3.jar:na]
	at scala.concurrent.impl.CallbackRunnable.run(Promise.scala:32) [scala-library-2.10.3.jar:na]
	at scala.concurrent.forkjoin.ForkJoinTask$AdaptedRunnableAction.exec(ForkJoinTask.java:1361) [scala-library-2.10.3.jar:na]
	at scala.concurrent.forkjoin.ForkJoinTask.doExec(ForkJoinTask.java:260) [scala-library-2.10.3.jar:na]
	at scala.concurrent.forkjoin.ForkJoinPool$WorkQueue.runTask(ForkJoinPool.java:1339) [scala-library-2.10.3.jar:na]
	at scala.concurrent.forkjoin.ForkJoinPool.runWorker(ForkJoinPool.java:1979) [scala-library-2.10.3.jar:na]
	at scala.concurrent.forkjoin.ForkJoinWorkerThread.run(ForkJoinWorkerThread.java:107) [scala-library-2.10.3.jar:na]
Caused by: java.lang.RuntimeException: com.fasterxml.jackson.core.JsonParseException: Unexpected character ('<' (code 60)): expected a valid value (number, String, array, object, 'true', 'false' or 'null')
 at [Source: org.jboss.netty.buffer.ChannelBufferInputStream@5d444ffe; line: 1, column: 2]
	at play.libs.Json.parse(Json.java:82) ~[play-json_2.10-2.2.3.jar:2.2.3]
	at play.libs.WS$Response.asJson(WS.java:704) ~[play-java_2.10-2.2.3.jar:2.2.3]
	at controllers.NewsFeed$1.apply(NewsFeed.java:27) ~[na:na]
	at controllers.NewsFeed$1.apply(NewsFeed.java:24) ~[na:na]
	at play.core.j.FPromiseHelper$$anonfun$map$1.apply(FPromiseHelper.scala:79) ~[play_2.10-2.2.3.jar:2.2.3]
	at scala.util.Success$$anonfun$map$1.apply(Try.scala:206) ~[scala-library-2.10.3.jar:na]
	at scala.util.Try$.apply(Try.scala:161) ~[scala-library-2.10.3.jar:na]
	at scala.util.Success.map(Try.scala:206) ~[scala-library-2.10.3.jar:na]
	at scala.concurrent.Future$$anonfun$map$1.apply(Future.scala:235) [scala-library-2.10.3.jar:na]
	at scala.concurrent.Future$$anonfun$map$1.apply(Future.scala:235) [scala-library-2.10.3.jar:na]
	at scala.concurrent.impl.CallbackRunnable.run(Promise.scala:32) [scala-library-2.10.3.jar:na]
	at play.core.j.HttpExecutionContext$$anon$2.run(HttpExecutionContext.scala:37) ~[play_2.10-2.2.3.jar:2.2.3]
	at akka.dispatch.TaskInvocation.run(AbstractDispatcher.scala:42) ~[akka-actor_2.10-2.2.0.jar:2.2.0]
	at akka.dispatch.ForkJoinExecutorConfigurator$AkkaForkJoinTask.exec(AbstractDispatcher.scala:386) ~[akka-actor_2.10-2.2.0.jar:2.2.0]
	... 4 common frames omitted
Caused by: com.fasterxml.jackson.core.JsonParseException: Unexpected character ('<' (code 60)): expected a valid value (number, String, array, object, 'true', 'false' or 'null')
 at [Source: org.jboss.netty.buffer.ChannelBufferInputStream@5d444ffe; line: 1, column: 2]
	at com.fasterxml.jackson.core.JsonParser._constructError(JsonParser.java:1369) ~[jackson-core-2.2.2.jar:2.2.2]
	at com.fasterxml.jackson.core.base.ParserMinimalBase._reportError(ParserMinimalBase.java:599) ~[jackson-core-2.2.2.jar:2.2.2]
	at com.fasterxml.jackson.core.base.ParserMinimalBase._reportUnexpectedChar(ParserMinimalBase.java:520) ~[jackson-core-2.2.2.jar:2.2.2]
	at com.fasterxml.jackson.core.json.UTF8StreamJsonParser._handleUnexpectedValue(UTF8StreamJsonParser.java:2267) ~[jackson-core-2.2.2.jar:2.2.2]
	at com.fasterxml.jackson.core.json.UTF8StreamJsonParser._nextTokenNotInObject(UTF8StreamJsonParser.java:779) ~[jackson-core-2.2.2.jar:2.2.2]
	at com.fasterxml.jackson.core.json.UTF8StreamJsonParser.nextToken(UTF8StreamJsonParser.java:665) ~[jackson-core-2.2.2.jar:2.2.2]
	at com.fasterxml.jackson.databind.ObjectMapper._initForReading(ObjectMapper.java:2926) ~[jackson-databind-2.2.2.jar:2.2.2]
	at com.fasterxml.jackson.databind.ObjectMapper._readMapAndClose(ObjectMapper.java:2873) ~[jackson-databind-2.2.2.jar:2.2.2]
	at com.fasterxml.jackson.databind.ObjectMapper.readValue(ObjectMapper.java:2080) ~[jackson-databind-2.2.2.jar:2.2.2]
	at play.libs.Json.parse(Json.java:80) ~[play-json_2.10-2.2.3.jar:2.2.3]
	... 17 common frames omitted

2015-04-12 15:51:15,111 - [DEBUG] - from application in play-akka.actor.default-dispatcher-12 
<h1>Developer Inactive</h1>

2015-04-12 15:51:15,113 - [ERROR] - from play in play-internal-execution-context-1 
Cannot invoke the action, eventually got an error: java.lang.RuntimeException: com.fasterxml.jackson.core.JsonParseException: Unexpected character ('<' (code 60)): expected a valid value (number, String, array, object, 'true', 'false' or 'null')
 at [Source: org.jboss.netty.buffer.ChannelBufferInputStream@597bc08e; line: 1, column: 2]

2015-04-12 15:51:15,121 - [ERROR] - from application in play-internal-execution-context-1 


! @6lnc26mcd - Internal server error, for (GET) [/feedZilla] ->

play.api.Application$$anon$1: Execution exception[[RuntimeException: com.fasterxml.jackson.core.JsonParseException: Unexpected character ('<' (code 60)): expected a valid value (number, String, array, object, 'true', 'false' or 'null')
 at [Source: org.jboss.netty.buffer.ChannelBufferInputStream@597bc08e; line: 1, column: 2]]]
	at play.api.Application$class.handleError(Application.scala:293) ~[play_2.10-2.2.3.jar:2.2.3]
	at play.api.DefaultApplication.handleError(Application.scala:399) [play_2.10-2.2.3.jar:2.2.3]
	at play.core.server.netty.PlayDefaultUpstreamHandler$$anonfun$3$$anonfun$applyOrElse$3.apply(PlayDefaultUpstreamHandler.scala:264) [play_2.10-2.2.3.jar:2.2.3]
	at play.core.server.netty.PlayDefaultUpstreamHandler$$anonfun$3$$anonfun$applyOrElse$3.apply(PlayDefaultUpstreamHandler.scala:264) [play_2.10-2.2.3.jar:2.2.3]
	at scala.Option.map(Option.scala:145) [scala-library-2.10.3.jar:na]
	at play.core.server.netty.PlayDefaultUpstreamHandler$$anonfun$3.applyOrElse(PlayDefaultUpstreamHandler.scala:264) [play_2.10-2.2.3.jar:2.2.3]
	at play.core.server.netty.PlayDefaultUpstreamHandler$$anonfun$3.applyOrElse(PlayDefaultUpstreamHandler.scala:260) [play_2.10-2.2.3.jar:2.2.3]
	at scala.concurrent.Future$$anonfun$recoverWith$1.apply(Future.scala:344) [scala-library-2.10.3.jar:na]
	at scala.concurrent.Future$$anonfun$recoverWith$1.apply(Future.scala:343) [scala-library-2.10.3.jar:na]
	at scala.concurrent.impl.CallbackRunnable.run(Promise.scala:32) [scala-library-2.10.3.jar:na]
	at play.api.libs.iteratee.Execution$$anon$1.execute(Execution.scala:43) [play-iteratees_2.10-2.2.3.jar:2.2.3]
	at scala.concurrent.impl.CallbackRunnable.executeWithValue(Promise.scala:40) [scala-library-2.10.3.jar:na]
	at scala.concurrent.impl.Promise$DefaultPromise.tryComplete(Promise.scala:248) [scala-library-2.10.3.jar:na]
	at scala.concurrent.Promise$class.complete(Promise.scala:55) [scala-library-2.10.3.jar:na]
	at scala.concurrent.impl.Promise$DefaultPromise.complete(Promise.scala:153) [scala-library-2.10.3.jar:na]
	at scala.concurrent.Future$$anonfun$map$1.apply(Future.scala:235) [scala-library-2.10.3.jar:na]
	at scala.concurrent.Future$$anonfun$map$1.apply(Future.scala:235) [scala-library-2.10.3.jar:na]
	at scala.concurrent.impl.CallbackRunnable.run(Promise.scala:32) [scala-library-2.10.3.jar:na]
	at scala.concurrent.forkjoin.ForkJoinTask$AdaptedRunnableAction.exec(ForkJoinTask.java:1361) [scala-library-2.10.3.jar:na]
	at scala.concurrent.forkjoin.ForkJoinTask.doExec(ForkJoinTask.java:260) [scala-library-2.10.3.jar:na]
	at scala.concurrent.forkjoin.ForkJoinPool$WorkQueue.runTask(ForkJoinPool.java:1339) [scala-library-2.10.3.jar:na]
	at scala.concurrent.forkjoin.ForkJoinPool.runWorker(ForkJoinPool.java:1979) [scala-library-2.10.3.jar:na]
	at scala.concurrent.forkjoin.ForkJoinWorkerThread.run(ForkJoinWorkerThread.java:107) [scala-library-2.10.3.jar:na]
Caused by: java.lang.RuntimeException: com.fasterxml.jackson.core.JsonParseException: Unexpected character ('<' (code 60)): expected a valid value (number, String, array, object, 'true', 'false' or 'null')
 at [Source: org.jboss.netty.buffer.ChannelBufferInputStream@597bc08e; line: 1, column: 2]
	at play.libs.Json.parse(Json.java:82) ~[play-json_2.10-2.2.3.jar:2.2.3]
	at play.libs.WS$Response.asJson(WS.java:704) ~[play-java_2.10-2.2.3.jar:2.2.3]
	at controllers.NewsFeed$1.apply(NewsFeed.java:27) ~[na:na]
	at controllers.NewsFeed$1.apply(NewsFeed.java:24) ~[na:na]
	at play.core.j.FPromiseHelper$$anonfun$map$1.apply(FPromiseHelper.scala:79) ~[play_2.10-2.2.3.jar:2.2.3]
	at scala.util.Success$$anonfun$map$1.apply(Try.scala:206) ~[scala-library-2.10.3.jar:na]
	at scala.util.Try$.apply(Try.scala:161) ~[scala-library-2.10.3.jar:na]
	at scala.util.Success.map(Try.scala:206) ~[scala-library-2.10.3.jar:na]
	at scala.concurrent.Future$$anonfun$map$1.apply(Future.scala:235) [scala-library-2.10.3.jar:na]
	at scala.concurrent.Future$$anonfun$map$1.apply(Future.scala:235) [scala-library-2.10.3.jar:na]
	at scala.concurrent.impl.CallbackRunnable.run(Promise.scala:32) [scala-library-2.10.3.jar:na]
	at play.core.j.HttpExecutionContext$$anon$2.run(HttpExecutionContext.scala:37) ~[play_2.10-2.2.3.jar:2.2.3]
	at akka.dispatch.TaskInvocation.run(AbstractDispatcher.scala:42) ~[akka-actor_2.10-2.2.0.jar:2.2.0]
	at akka.dispatch.ForkJoinExecutorConfigurator$AkkaForkJoinTask.exec(AbstractDispatcher.scala:386) ~[akka-actor_2.10-2.2.0.jar:2.2.0]
	... 4 common frames omitted
Caused by: com.fasterxml.jackson.core.JsonParseException: Unexpected character ('<' (code 60)): expected a valid value (number, String, array, object, 'true', 'false' or 'null')
 at [Source: org.jboss.netty.buffer.ChannelBufferInputStream@597bc08e; line: 1, column: 2]
	at com.fasterxml.jackson.core.JsonParser._constructError(JsonParser.java:1369) ~[jackson-core-2.2.2.jar:2.2.2]
	at com.fasterxml.jackson.core.base.ParserMinimalBase._reportError(ParserMinimalBase.java:599) ~[jackson-core-2.2.2.jar:2.2.2]
	at com.fasterxml.jackson.core.base.ParserMinimalBase._reportUnexpectedChar(ParserMinimalBase.java:520) ~[jackson-core-2.2.2.jar:2.2.2]
	at com.fasterxml.jackson.core.json.UTF8StreamJsonParser._handleUnexpectedValue(UTF8StreamJsonParser.java:2267) ~[jackson-core-2.2.2.jar:2.2.2]
	at com.fasterxml.jackson.core.json.UTF8StreamJsonParser._nextTokenNotInObject(UTF8StreamJsonParser.java:779) ~[jackson-core-2.2.2.jar:2.2.2]
	at com.fasterxml.jackson.core.json.UTF8StreamJsonParser.nextToken(UTF8StreamJsonParser.java:665) ~[jackson-core-2.2.2.jar:2.2.2]
	at com.fasterxml.jackson.databind.ObjectMapper._initForReading(ObjectMapper.java:2926) ~[jackson-databind-2.2.2.jar:2.2.2]
	at com.fasterxml.jackson.databind.ObjectMapper._readMapAndClose(ObjectMapper.java:2873) ~[jackson-databind-2.2.2.jar:2.2.2]
	at com.fasterxml.jackson.databind.ObjectMapper.readValue(ObjectMapper.java:2080) ~[jackson-databind-2.2.2.jar:2.2.2]
	at play.libs.Json.parse(Json.java:80) ~[play-json_2.10-2.2.3.jar:2.2.3]
	... 17 common frames omitted

2015-04-12 15:51:19,629 - [DEBUG] - from application in play-akka.actor.default-dispatcher-15 
<h1>Developer Inactive</h1>

2015-04-12 15:51:19,630 - [ERROR] - from play in play-internal-execution-context-1 
Cannot invoke the action, eventually got an error: java.lang.RuntimeException: com.fasterxml.jackson.core.JsonParseException: Unexpected character ('<' (code 60)): expected a valid value (number, String, array, object, 'true', 'false' or 'null')
 at [Source: org.jboss.netty.buffer.ChannelBufferInputStream@46ee852; line: 1, column: 2]

2015-04-12 15:51:19,634 - [ERROR] - from application in play-internal-execution-context-1 


! @6lnc27345 - Internal server error, for (GET) [/feedZilla] ->

play.api.Application$$anon$1: Execution exception[[RuntimeException: com.fasterxml.jackson.core.JsonParseException: Unexpected character ('<' (code 60)): expected a valid value (number, String, array, object, 'true', 'false' or 'null')
 at [Source: org.jboss.netty.buffer.ChannelBufferInputStream@46ee852; line: 1, column: 2]]]
	at play.api.Application$class.handleError(Application.scala:293) ~[play_2.10-2.2.3.jar:2.2.3]
	at play.api.DefaultApplication.handleError(Application.scala:399) [play_2.10-2.2.3.jar:2.2.3]
	at play.core.server.netty.PlayDefaultUpstreamHandler$$anonfun$3$$anonfun$applyOrElse$3.apply(PlayDefaultUpstreamHandler.scala:264) [play_2.10-2.2.3.jar:2.2.3]
	at play.core.server.netty.PlayDefaultUpstreamHandler$$anonfun$3$$anonfun$applyOrElse$3.apply(PlayDefaultUpstreamHandler.scala:264) [play_2.10-2.2.3.jar:2.2.3]
	at scala.Option.map(Option.scala:145) [scala-library-2.10.3.jar:na]
	at play.core.server.netty.PlayDefaultUpstreamHandler$$anonfun$3.applyOrElse(PlayDefaultUpstreamHandler.scala:264) [play_2.10-2.2.3.jar:2.2.3]
	at play.core.server.netty.PlayDefaultUpstreamHandler$$anonfun$3.applyOrElse(PlayDefaultUpstreamHandler.scala:260) [play_2.10-2.2.3.jar:2.2.3]
	at scala.concurrent.Future$$anonfun$recoverWith$1.apply(Future.scala:344) [scala-library-2.10.3.jar:na]
	at scala.concurrent.Future$$anonfun$recoverWith$1.apply(Future.scala:343) [scala-library-2.10.3.jar:na]
	at scala.concurrent.impl.CallbackRunnable.run(Promise.scala:32) [scala-library-2.10.3.jar:na]
	at play.api.libs.iteratee.Execution$$anon$1.execute(Execution.scala:43) [play-iteratees_2.10-2.2.3.jar:2.2.3]
	at scala.concurrent.impl.CallbackRunnable.executeWithValue(Promise.scala:40) [scala-library-2.10.3.jar:na]
	at scala.concurrent.impl.Promise$DefaultPromise.tryComplete(Promise.scala:248) [scala-library-2.10.3.jar:na]
	at scala.concurrent.Promise$class.complete(Promise.scala:55) [scala-library-2.10.3.jar:na]
	at scala.concurrent.impl.Promise$DefaultPromise.complete(Promise.scala:153) [scala-library-2.10.3.jar:na]
	at scala.concurrent.Future$$anonfun$map$1.apply(Future.scala:235) [scala-library-2.10.3.jar:na]
	at scala.concurrent.Future$$anonfun$map$1.apply(Future.scala:235) [scala-library-2.10.3.jar:na]
	at scala.concurrent.impl.CallbackRunnable.run(Promise.scala:32) [scala-library-2.10.3.jar:na]
	at scala.concurrent.forkjoin.ForkJoinTask$AdaptedRunnableAction.exec(ForkJoinTask.java:1361) [scala-library-2.10.3.jar:na]
	at scala.concurrent.forkjoin.ForkJoinTask.doExec(ForkJoinTask.java:260) [scala-library-2.10.3.jar:na]
	at scala.concurrent.forkjoin.ForkJoinPool$WorkQueue.runTask(ForkJoinPool.java:1339) [scala-library-2.10.3.jar:na]
	at scala.concurrent.forkjoin.ForkJoinPool.runWorker(ForkJoinPool.java:1979) [scala-library-2.10.3.jar:na]
	at scala.concurrent.forkjoin.ForkJoinWorkerThread.run(ForkJoinWorkerThread.java:107) [scala-library-2.10.3.jar:na]
Caused by: java.lang.RuntimeException: com.fasterxml.jackson.core.JsonParseException: Unexpected character ('<' (code 60)): expected a valid value (number, String, array, object, 'true', 'false' or 'null')
 at [Source: org.jboss.netty.buffer.ChannelBufferInputStream@46ee852; line: 1, column: 2]
	at play.libs.Json.parse(Json.java:82) ~[play-json_2.10-2.2.3.jar:2.2.3]
	at play.libs.WS$Response.asJson(WS.java:704) ~[play-java_2.10-2.2.3.jar:2.2.3]
	at controllers.NewsFeed$1.apply(NewsFeed.java:27) ~[na:na]
	at controllers.NewsFeed$1.apply(NewsFeed.java:24) ~[na:na]
	at play.core.j.FPromiseHelper$$anonfun$map$1.apply(FPromiseHelper.scala:79) ~[play_2.10-2.2.3.jar:2.2.3]
	at scala.util.Success$$anonfun$map$1.apply(Try.scala:206) ~[scala-library-2.10.3.jar:na]
	at scala.util.Try$.apply(Try.scala:161) ~[scala-library-2.10.3.jar:na]
	at scala.util.Success.map(Try.scala:206) ~[scala-library-2.10.3.jar:na]
	at scala.concurrent.Future$$anonfun$map$1.apply(Future.scala:235) [scala-library-2.10.3.jar:na]
	at scala.concurrent.Future$$anonfun$map$1.apply(Future.scala:235) [scala-library-2.10.3.jar:na]
	at scala.concurrent.impl.CallbackRunnable.run(Promise.scala:32) [scala-library-2.10.3.jar:na]
	at play.core.j.HttpExecutionContext$$anon$2.run(HttpExecutionContext.scala:37) ~[play_2.10-2.2.3.jar:2.2.3]
	at akka.dispatch.TaskInvocation.run(AbstractDispatcher.scala:42) ~[akka-actor_2.10-2.2.0.jar:2.2.0]
	at akka.dispatch.ForkJoinExecutorConfigurator$AkkaForkJoinTask.exec(AbstractDispatcher.scala:386) ~[akka-actor_2.10-2.2.0.jar:2.2.0]
	... 4 common frames omitted
Caused by: com.fasterxml.jackson.core.JsonParseException: Unexpected character ('<' (code 60)): expected a valid value (number, String, array, object, 'true', 'false' or 'null')
 at [Source: org.jboss.netty.buffer.ChannelBufferInputStream@46ee852; line: 1, column: 2]
	at com.fasterxml.jackson.core.JsonParser._constructError(JsonParser.java:1369) ~[jackson-core-2.2.2.jar:2.2.2]
	at com.fasterxml.jackson.core.base.ParserMinimalBase._reportError(ParserMinimalBase.java:599) ~[jackson-core-2.2.2.jar:2.2.2]
	at com.fasterxml.jackson.core.base.ParserMinimalBase._reportUnexpectedChar(ParserMinimalBase.java:520) ~[jackson-core-2.2.2.jar:2.2.2]
	at com.fasterxml.jackson.core.json.UTF8StreamJsonParser._handleUnexpectedValue(UTF8StreamJsonParser.java:2267) ~[jackson-core-2.2.2.jar:2.2.2]
	at com.fasterxml.jackson.core.json.UTF8StreamJsonParser._nextTokenNotInObject(UTF8StreamJsonParser.java:779) ~[jackson-core-2.2.2.jar:2.2.2]
	at com.fasterxml.jackson.core.json.UTF8StreamJsonParser.nextToken(UTF8StreamJsonParser.java:665) ~[jackson-core-2.2.2.jar:2.2.2]
	at com.fasterxml.jackson.databind.ObjectMapper._initForReading(ObjectMapper.java:2926) ~[jackson-databind-2.2.2.jar:2.2.2]
	at com.fasterxml.jackson.databind.ObjectMapper._readMapAndClose(ObjectMapper.java:2873) ~[jackson-databind-2.2.2.jar:2.2.2]
	at com.fasterxml.jackson.databind.ObjectMapper.readValue(ObjectMapper.java:2080) ~[jackson-databind-2.2.2.jar:2.2.2]
	at play.libs.Json.parse(Json.java:80) ~[play-json_2.10-2.2.3.jar:2.2.3]
	... 17 common frames omitted

2015-04-12 15:51:21,939 - [DEBUG] - from application in play-akka.actor.default-dispatcher-15 
<h1>Developer Inactive</h1>

2015-04-12 15:51:21,940 - [ERROR] - from play in play-internal-execution-context-1 
Cannot invoke the action, eventually got an error: java.lang.RuntimeException: com.fasterxml.jackson.core.JsonParseException: Unexpected character ('<' (code 60)): expected a valid value (number, String, array, object, 'true', 'false' or 'null')
 at [Source: org.jboss.netty.buffer.ChannelBufferInputStream@aa916af; line: 1, column: 2]

2015-04-12 15:51:21,948 - [ERROR] - from application in play-internal-execution-context-1 


! @6lnc276f3 - Internal server error, for (GET) [/feedZilla] ->

play.api.Application$$anon$1: Execution exception[[RuntimeException: com.fasterxml.jackson.core.JsonParseException: Unexpected character ('<' (code 60)): expected a valid value (number, String, array, object, 'true', 'false' or 'null')
 at [Source: org.jboss.netty.buffer.ChannelBufferInputStream@aa916af; line: 1, column: 2]]]
	at play.api.Application$class.handleError(Application.scala:293) ~[play_2.10-2.2.3.jar:2.2.3]
	at play.api.DefaultApplication.handleError(Application.scala:399) [play_2.10-2.2.3.jar:2.2.3]
	at play.core.server.netty.PlayDefaultUpstreamHandler$$anonfun$3$$anonfun$applyOrElse$3.apply(PlayDefaultUpstreamHandler.scala:264) [play_2.10-2.2.3.jar:2.2.3]
	at play.core.server.netty.PlayDefaultUpstreamHandler$$anonfun$3$$anonfun$applyOrElse$3.apply(PlayDefaultUpstreamHandler.scala:264) [play_2.10-2.2.3.jar:2.2.3]
	at scala.Option.map(Option.scala:145) [scala-library-2.10.3.jar:na]
	at play.core.server.netty.PlayDefaultUpstreamHandler$$anonfun$3.applyOrElse(PlayDefaultUpstreamHandler.scala:264) [play_2.10-2.2.3.jar:2.2.3]
	at play.core.server.netty.PlayDefaultUpstreamHandler$$anonfun$3.applyOrElse(PlayDefaultUpstreamHandler.scala:260) [play_2.10-2.2.3.jar:2.2.3]
	at scala.concurrent.Future$$anonfun$recoverWith$1.apply(Future.scala:344) [scala-library-2.10.3.jar:na]
	at scala.concurrent.Future$$anonfun$recoverWith$1.apply(Future.scala:343) [scala-library-2.10.3.jar:na]
	at scala.concurrent.impl.CallbackRunnable.run(Promise.scala:32) [scala-library-2.10.3.jar:na]
	at play.api.libs.iteratee.Execution$$anon$1.execute(Execution.scala:43) [play-iteratees_2.10-2.2.3.jar:2.2.3]
	at scala.concurrent.impl.CallbackRunnable.executeWithValue(Promise.scala:40) [scala-library-2.10.3.jar:na]
	at scala.concurrent.impl.Promise$DefaultPromise.tryComplete(Promise.scala:248) [scala-library-2.10.3.jar:na]
	at scala.concurrent.Promise$class.complete(Promise.scala:55) [scala-library-2.10.3.jar:na]
	at scala.concurrent.impl.Promise$DefaultPromise.complete(Promise.scala:153) [scala-library-2.10.3.jar:na]
	at scala.concurrent.Future$$anonfun$map$1.apply(Future.scala:235) [scala-library-2.10.3.jar:na]
	at scala.concurrent.Future$$anonfun$map$1.apply(Future.scala:235) [scala-library-2.10.3.jar:na]
	at scala.concurrent.impl.CallbackRunnable.run(Promise.scala:32) [scala-library-2.10.3.jar:na]
	at scala.concurrent.forkjoin.ForkJoinTask$AdaptedRunnableAction.exec(ForkJoinTask.java:1361) [scala-library-2.10.3.jar:na]
	at scala.concurrent.forkjoin.ForkJoinTask.doExec(ForkJoinTask.java:260) [scala-library-2.10.3.jar:na]
	at scala.concurrent.forkjoin.ForkJoinPool$WorkQueue.runTask(ForkJoinPool.java:1339) [scala-library-2.10.3.jar:na]
	at scala.concurrent.forkjoin.ForkJoinPool.runWorker(ForkJoinPool.java:1979) [scala-library-2.10.3.jar:na]
	at scala.concurrent.forkjoin.ForkJoinWorkerThread.run(ForkJoinWorkerThread.java:107) [scala-library-2.10.3.jar:na]
Caused by: java.lang.RuntimeException: com.fasterxml.jackson.core.JsonParseException: Unexpected character ('<' (code 60)): expected a valid value (number, String, array, object, 'true', 'false' or 'null')
 at [Source: org.jboss.netty.buffer.ChannelBufferInputStream@aa916af; line: 1, column: 2]
	at play.libs.Json.parse(Json.java:82) ~[play-json_2.10-2.2.3.jar:2.2.3]
	at play.libs.WS$Response.asJson(WS.java:704) ~[play-java_2.10-2.2.3.jar:2.2.3]
	at controllers.NewsFeed$1.apply(NewsFeed.java:27) ~[na:na]
	at controllers.NewsFeed$1.apply(NewsFeed.java:24) ~[na:na]
	at play.core.j.FPromiseHelper$$anonfun$map$1.apply(FPromiseHelper.scala:79) ~[play_2.10-2.2.3.jar:2.2.3]
	at scala.util.Success$$anonfun$map$1.apply(Try.scala:206) ~[scala-library-2.10.3.jar:na]
	at scala.util.Try$.apply(Try.scala:161) ~[scala-library-2.10.3.jar:na]
	at scala.util.Success.map(Try.scala:206) ~[scala-library-2.10.3.jar:na]
	at scala.concurrent.Future$$anonfun$map$1.apply(Future.scala:235) [scala-library-2.10.3.jar:na]
	at scala.concurrent.Future$$anonfun$map$1.apply(Future.scala:235) [scala-library-2.10.3.jar:na]
	at scala.concurrent.impl.CallbackRunnable.run(Promise.scala:32) [scala-library-2.10.3.jar:na]
	at play.core.j.HttpExecutionContext$$anon$2.run(HttpExecutionContext.scala:37) ~[play_2.10-2.2.3.jar:2.2.3]
	at akka.dispatch.TaskInvocation.run(AbstractDispatcher.scala:42) ~[akka-actor_2.10-2.2.0.jar:2.2.0]
	at akka.dispatch.ForkJoinExecutorConfigurator$AkkaForkJoinTask.exec(AbstractDispatcher.scala:386) ~[akka-actor_2.10-2.2.0.jar:2.2.0]
	... 4 common frames omitted
Caused by: com.fasterxml.jackson.core.JsonParseException: Unexpected character ('<' (code 60)): expected a valid value (number, String, array, object, 'true', 'false' or 'null')
 at [Source: org.jboss.netty.buffer.ChannelBufferInputStream@aa916af; line: 1, column: 2]
	at com.fasterxml.jackson.core.JsonParser._constructError(JsonParser.java:1369) ~[jackson-core-2.2.2.jar:2.2.2]
	at com.fasterxml.jackson.core.base.ParserMinimalBase._reportError(ParserMinimalBase.java:599) ~[jackson-core-2.2.2.jar:2.2.2]
	at com.fasterxml.jackson.core.base.ParserMinimalBase._reportUnexpectedChar(ParserMinimalBase.java:520) ~[jackson-core-2.2.2.jar:2.2.2]
	at com.fasterxml.jackson.core.json.UTF8StreamJsonParser._handleUnexpectedValue(UTF8StreamJsonParser.java:2267) ~[jackson-core-2.2.2.jar:2.2.2]
	at com.fasterxml.jackson.core.json.UTF8StreamJsonParser._nextTokenNotInObject(UTF8StreamJsonParser.java:779) ~[jackson-core-2.2.2.jar:2.2.2]
	at com.fasterxml.jackson.core.json.UTF8StreamJsonParser.nextToken(UTF8StreamJsonParser.java:665) ~[jackson-core-2.2.2.jar:2.2.2]
	at com.fasterxml.jackson.databind.ObjectMapper._initForReading(ObjectMapper.java:2926) ~[jackson-databind-2.2.2.jar:2.2.2]
	at com.fasterxml.jackson.databind.ObjectMapper._readMapAndClose(ObjectMapper.java:2873) ~[jackson-databind-2.2.2.jar:2.2.2]
	at com.fasterxml.jackson.databind.ObjectMapper.readValue(ObjectMapper.java:2080) ~[jackson-databind-2.2.2.jar:2.2.2]
	at play.libs.Json.parse(Json.java:80) ~[play-json_2.10-2.2.3.jar:2.2.3]
	... 17 common frames omitted

2015-04-12 15:52:12,279 - [DEBUG] - from application in play-akka.actor.default-dispatcher-15 
[securesocial] calling deleteExpiredTokens()

2015-04-12 15:56:17,024 - [INFO] - from application in play-internal-execution-context-1 
[securesocial] unloaded identity provider: userpass

2015-04-12 15:56:17,025 - [INFO] - from application in play-internal-execution-context-1 
[securesocial] unloaded identity provider: google

2015-04-12 15:56:17,025 - [INFO] - from application in play-internal-execution-context-1 
[securesocial] unloaded identity provider: facebook

2015-04-12 15:56:17,025 - [INFO] - from application in play-internal-execution-context-1 
[securesocial] unloaded identity provider: twitter

2015-04-12 15:56:17,025 - [INFO] - from application in play-internal-execution-context-1 
[securesocial] unloaded password hasher bcrypt

2015-04-12 15:56:17,025 - [INFO] - from play in play-internal-execution-context-1 
Shutdown application default Akka system.

2015-04-12 15:56:17,132 - [INFO] - from play in play-internal-execution-context-1 
database [default] connected at jdbc:h2:mem:play

2015-04-12 15:56:17,176 - [INFO] - from application in play-internal-execution-context-1 
[securesocial] loaded templates plugin: securesocial.controllers.DefaultTemplatesPlugin

2015-04-12 15:56:17,196 - [INFO] - from play in play-internal-execution-context-1 
Starting application default Akka system.

2015-04-12 15:56:17,197 - [DEBUG] - from application in play-akka.actor.default-dispatcher-15 
[securesocial] calling deleteExpiredTokens()

2015-04-12 15:56:17,201 - [INFO] - from application in play-internal-execution-context-1 
[securesocial] loaded user service: class plugins.InMemoryUserService

2015-04-12 15:56:17,202 - [INFO] - from application in play-internal-execution-context-1 
[securesocial] loaded password hasher bcrypt

2015-04-12 15:56:17,202 - [INFO] - from application in play-internal-execution-context-1 
[securesocial] loaded identity provider: twitter

2015-04-12 15:56:17,202 - [INFO] - from application in play-internal-execution-context-1 
[securesocial] loaded identity provider: facebook

2015-04-12 15:56:17,202 - [INFO] - from application in play-internal-execution-context-1 
[securesocial] loaded identity provider: google

2015-04-12 15:56:17,202 - [INFO] - from application in play-internal-execution-context-1 
[securesocial] loaded identity provider: userpass

2015-04-12 15:56:17,202 - [INFO] - from play in play-internal-execution-context-1 
Application started (Dev)

2015-04-12 15:56:17,618 - [DEBUG] - from application in play-akka.actor.default-dispatcher-15 
<h1>Developer Inactive</h1>

2015-04-12 15:56:17,620 - [ERROR] - from play in play-internal-execution-context-1 
Cannot invoke the action, eventually got an error: java.lang.RuntimeException: com.fasterxml.jackson.core.JsonParseException: Unexpected character ('<' (code 60)): expected a valid value (number, String, array, object, 'true', 'false' or 'null')
 at [Source: org.jboss.netty.buffer.ChannelBufferInputStream@e968322; line: 1, column: 2]

2015-04-12 15:56:17,627 - [ERROR] - from application in play-internal-execution-context-1 


! @6lnc2o1pb - Internal server error, for (GET) [/feedZilla] ->

play.api.Application$$anon$1: Execution exception[[RuntimeException: com.fasterxml.jackson.core.JsonParseException: Unexpected character ('<' (code 60)): expected a valid value (number, String, array, object, 'true', 'false' or 'null')
 at [Source: org.jboss.netty.buffer.ChannelBufferInputStream@e968322; line: 1, column: 2]]]
	at play.api.Application$class.handleError(Application.scala:293) ~[play_2.10-2.2.3.jar:2.2.3]
	at play.api.DefaultApplication.handleError(Application.scala:399) [play_2.10-2.2.3.jar:2.2.3]
	at play.core.server.netty.PlayDefaultUpstreamHandler$$anonfun$3$$anonfun$applyOrElse$3.apply(PlayDefaultUpstreamHandler.scala:264) [play_2.10-2.2.3.jar:2.2.3]
	at play.core.server.netty.PlayDefaultUpstreamHandler$$anonfun$3$$anonfun$applyOrElse$3.apply(PlayDefaultUpstreamHandler.scala:264) [play_2.10-2.2.3.jar:2.2.3]
	at scala.Option.map(Option.scala:145) [scala-library-2.10.3.jar:na]
	at play.core.server.netty.PlayDefaultUpstreamHandler$$anonfun$3.applyOrElse(PlayDefaultUpstreamHandler.scala:264) [play_2.10-2.2.3.jar:2.2.3]
	at play.core.server.netty.PlayDefaultUpstreamHandler$$anonfun$3.applyOrElse(PlayDefaultUpstreamHandler.scala:260) [play_2.10-2.2.3.jar:2.2.3]
	at scala.concurrent.Future$$anonfun$recoverWith$1.apply(Future.scala:344) [scala-library-2.10.3.jar:na]
	at scala.concurrent.Future$$anonfun$recoverWith$1.apply(Future.scala:343) [scala-library-2.10.3.jar:na]
	at scala.concurrent.impl.CallbackRunnable.run(Promise.scala:32) [scala-library-2.10.3.jar:na]
	at play.api.libs.iteratee.Execution$$anon$1.execute(Execution.scala:43) [play-iteratees_2.10-2.2.3.jar:2.2.3]
	at scala.concurrent.impl.CallbackRunnable.executeWithValue(Promise.scala:40) [scala-library-2.10.3.jar:na]
	at scala.concurrent.impl.Promise$DefaultPromise.tryComplete(Promise.scala:248) [scala-library-2.10.3.jar:na]
	at scala.concurrent.Promise$class.complete(Promise.scala:55) [scala-library-2.10.3.jar:na]
	at scala.concurrent.impl.Promise$DefaultPromise.complete(Promise.scala:153) [scala-library-2.10.3.jar:na]
	at scala.concurrent.Future$$anonfun$map$1.apply(Future.scala:235) [scala-library-2.10.3.jar:na]
	at scala.concurrent.Future$$anonfun$map$1.apply(Future.scala:235) [scala-library-2.10.3.jar:na]
	at scala.concurrent.impl.CallbackRunnable.run(Promise.scala:32) [scala-library-2.10.3.jar:na]
	at scala.concurrent.forkjoin.ForkJoinTask$AdaptedRunnableAction.exec(ForkJoinTask.java:1361) [scala-library-2.10.3.jar:na]
	at scala.concurrent.forkjoin.ForkJoinTask.doExec(ForkJoinTask.java:260) [scala-library-2.10.3.jar:na]
	at scala.concurrent.forkjoin.ForkJoinPool$WorkQueue.runTask(ForkJoinPool.java:1339) [scala-library-2.10.3.jar:na]
	at scala.concurrent.forkjoin.ForkJoinPool.runWorker(ForkJoinPool.java:1979) [scala-library-2.10.3.jar:na]
	at scala.concurrent.forkjoin.ForkJoinWorkerThread.run(ForkJoinWorkerThread.java:107) [scala-library-2.10.3.jar:na]
Caused by: java.lang.RuntimeException: com.fasterxml.jackson.core.JsonParseException: Unexpected character ('<' (code 60)): expected a valid value (number, String, array, object, 'true', 'false' or 'null')
 at [Source: org.jboss.netty.buffer.ChannelBufferInputStream@e968322; line: 1, column: 2]
	at play.libs.Json.parse(Json.java:82) ~[play-json_2.10-2.2.3.jar:2.2.3]
	at play.libs.WS$Response.asJson(WS.java:704) ~[play-java_2.10-2.2.3.jar:2.2.3]
	at controllers.NewsFeed$1.apply(NewsFeed.java:27) ~[na:na]
	at controllers.NewsFeed$1.apply(NewsFeed.java:24) ~[na:na]
	at play.core.j.FPromiseHelper$$anonfun$map$1.apply(FPromiseHelper.scala:79) ~[play_2.10-2.2.3.jar:2.2.3]
	at scala.util.Success$$anonfun$map$1.apply(Try.scala:206) ~[scala-library-2.10.3.jar:na]
	at scala.util.Try$.apply(Try.scala:161) ~[scala-library-2.10.3.jar:na]
	at scala.util.Success.map(Try.scala:206) ~[scala-library-2.10.3.jar:na]
	at scala.concurrent.Future$$anonfun$map$1.apply(Future.scala:235) [scala-library-2.10.3.jar:na]
	at scala.concurrent.Future$$anonfun$map$1.apply(Future.scala:235) [scala-library-2.10.3.jar:na]
	at scala.concurrent.impl.CallbackRunnable.run(Promise.scala:32) [scala-library-2.10.3.jar:na]
	at play.core.j.HttpExecutionContext$$anon$2.run(HttpExecutionContext.scala:37) ~[play_2.10-2.2.3.jar:2.2.3]
	at akka.dispatch.TaskInvocation.run(AbstractDispatcher.scala:42) ~[akka-actor_2.10-2.2.0.jar:2.2.0]
	at akka.dispatch.ForkJoinExecutorConfigurator$AkkaForkJoinTask.exec(AbstractDispatcher.scala:386) ~[akka-actor_2.10-2.2.0.jar:2.2.0]
	... 4 common frames omitted
Caused by: com.fasterxml.jackson.core.JsonParseException: Unexpected character ('<' (code 60)): expected a valid value (number, String, array, object, 'true', 'false' or 'null')
 at [Source: org.jboss.netty.buffer.ChannelBufferInputStream@e968322; line: 1, column: 2]
	at com.fasterxml.jackson.core.JsonParser._constructError(JsonParser.java:1369) ~[jackson-core-2.2.2.jar:2.2.2]
	at com.fasterxml.jackson.core.base.ParserMinimalBase._reportError(ParserMinimalBase.java:599) ~[jackson-core-2.2.2.jar:2.2.2]
	at com.fasterxml.jackson.core.base.ParserMinimalBase._reportUnexpectedChar(ParserMinimalBase.java:520) ~[jackson-core-2.2.2.jar:2.2.2]
	at com.fasterxml.jackson.core.json.UTF8StreamJsonParser._handleUnexpectedValue(UTF8StreamJsonParser.java:2267) ~[jackson-core-2.2.2.jar:2.2.2]
	at com.fasterxml.jackson.core.json.UTF8StreamJsonParser._nextTokenNotInObject(UTF8StreamJsonParser.java:779) ~[jackson-core-2.2.2.jar:2.2.2]
	at com.fasterxml.jackson.core.json.UTF8StreamJsonParser.nextToken(UTF8StreamJsonParser.java:665) ~[jackson-core-2.2.2.jar:2.2.2]
	at com.fasterxml.jackson.databind.ObjectMapper._initForReading(ObjectMapper.java:2926) ~[jackson-databind-2.2.2.jar:2.2.2]
	at com.fasterxml.jackson.databind.ObjectMapper._readMapAndClose(ObjectMapper.java:2873) ~[jackson-databind-2.2.2.jar:2.2.2]
	at com.fasterxml.jackson.databind.ObjectMapper.readValue(ObjectMapper.java:2080) ~[jackson-databind-2.2.2.jar:2.2.2]
	at play.libs.Json.parse(Json.java:80) ~[play-json_2.10-2.2.3.jar:2.2.3]
	... 17 common frames omitted

2015-04-12 15:56:20,830 - [DEBUG] - from application in play-akka.actor.default-dispatcher-16 
<h1>Developer Inactive</h1>

2015-04-12 15:56:20,831 - [ERROR] - from play in play-internal-execution-context-1 
Cannot invoke the action, eventually got an error: java.lang.RuntimeException: com.fasterxml.jackson.core.JsonParseException: Unexpected character ('<' (code 60)): expected a valid value (number, String, array, object, 'true', 'false' or 'null')
 at [Source: org.jboss.netty.buffer.ChannelBufferInputStream@42ba6632; line: 1, column: 2]

2015-04-12 15:56:20,839 - [ERROR] - from application in play-internal-execution-context-1 


! @6lnc2o6ip - Internal server error, for (GET) [/feedZilla] ->

play.api.Application$$anon$1: Execution exception[[RuntimeException: com.fasterxml.jackson.core.JsonParseException: Unexpected character ('<' (code 60)): expected a valid value (number, String, array, object, 'true', 'false' or 'null')
 at [Source: org.jboss.netty.buffer.ChannelBufferInputStream@42ba6632; line: 1, column: 2]]]
	at play.api.Application$class.handleError(Application.scala:293) ~[play_2.10-2.2.3.jar:2.2.3]
	at play.api.DefaultApplication.handleError(Application.scala:399) [play_2.10-2.2.3.jar:2.2.3]
	at play.core.server.netty.PlayDefaultUpstreamHandler$$anonfun$3$$anonfun$applyOrElse$3.apply(PlayDefaultUpstreamHandler.scala:264) [play_2.10-2.2.3.jar:2.2.3]
	at play.core.server.netty.PlayDefaultUpstreamHandler$$anonfun$3$$anonfun$applyOrElse$3.apply(PlayDefaultUpstreamHandler.scala:264) [play_2.10-2.2.3.jar:2.2.3]
	at scala.Option.map(Option.scala:145) [scala-library-2.10.3.jar:na]
	at play.core.server.netty.PlayDefaultUpstreamHandler$$anonfun$3.applyOrElse(PlayDefaultUpstreamHandler.scala:264) [play_2.10-2.2.3.jar:2.2.3]
	at play.core.server.netty.PlayDefaultUpstreamHandler$$anonfun$3.applyOrElse(PlayDefaultUpstreamHandler.scala:260) [play_2.10-2.2.3.jar:2.2.3]
	at scala.concurrent.Future$$anonfun$recoverWith$1.apply(Future.scala:344) [scala-library-2.10.3.jar:na]
	at scala.concurrent.Future$$anonfun$recoverWith$1.apply(Future.scala:343) [scala-library-2.10.3.jar:na]
	at scala.concurrent.impl.CallbackRunnable.run(Promise.scala:32) [scala-library-2.10.3.jar:na]
	at play.api.libs.iteratee.Execution$$anon$1.execute(Execution.scala:43) [play-iteratees_2.10-2.2.3.jar:2.2.3]
	at scala.concurrent.impl.CallbackRunnable.executeWithValue(Promise.scala:40) [scala-library-2.10.3.jar:na]
	at scala.concurrent.impl.Promise$DefaultPromise.tryComplete(Promise.scala:248) [scala-library-2.10.3.jar:na]
	at scala.concurrent.Promise$class.complete(Promise.scala:55) [scala-library-2.10.3.jar:na]
	at scala.concurrent.impl.Promise$DefaultPromise.complete(Promise.scala:153) [scala-library-2.10.3.jar:na]
	at scala.concurrent.Future$$anonfun$map$1.apply(Future.scala:235) [scala-library-2.10.3.jar:na]
	at scala.concurrent.Future$$anonfun$map$1.apply(Future.scala:235) [scala-library-2.10.3.jar:na]
	at scala.concurrent.impl.CallbackRunnable.run(Promise.scala:32) [scala-library-2.10.3.jar:na]
	at scala.concurrent.forkjoin.ForkJoinTask$AdaptedRunnableAction.exec(ForkJoinTask.java:1361) [scala-library-2.10.3.jar:na]
	at scala.concurrent.forkjoin.ForkJoinTask.doExec(ForkJoinTask.java:260) [scala-library-2.10.3.jar:na]
	at scala.concurrent.forkjoin.ForkJoinPool$WorkQueue.runTask(ForkJoinPool.java:1339) [scala-library-2.10.3.jar:na]
	at scala.concurrent.forkjoin.ForkJoinPool.runWorker(ForkJoinPool.java:1979) [scala-library-2.10.3.jar:na]
	at scala.concurrent.forkjoin.ForkJoinWorkerThread.run(ForkJoinWorkerThread.java:107) [scala-library-2.10.3.jar:na]
Caused by: java.lang.RuntimeException: com.fasterxml.jackson.core.JsonParseException: Unexpected character ('<' (code 60)): expected a valid value (number, String, array, object, 'true', 'false' or 'null')
 at [Source: org.jboss.netty.buffer.ChannelBufferInputStream@42ba6632; line: 1, column: 2]
	at play.libs.Json.parse(Json.java:82) ~[play-json_2.10-2.2.3.jar:2.2.3]
	at play.libs.WS$Response.asJson(WS.java:704) ~[play-java_2.10-2.2.3.jar:2.2.3]
	at controllers.NewsFeed$1.apply(NewsFeed.java:27) ~[na:na]
	at controllers.NewsFeed$1.apply(NewsFeed.java:24) ~[na:na]
	at play.core.j.FPromiseHelper$$anonfun$map$1.apply(FPromiseHelper.scala:79) ~[play_2.10-2.2.3.jar:2.2.3]
	at scala.util.Success$$anonfun$map$1.apply(Try.scala:206) ~[scala-library-2.10.3.jar:na]
	at scala.util.Try$.apply(Try.scala:161) ~[scala-library-2.10.3.jar:na]
	at scala.util.Success.map(Try.scala:206) ~[scala-library-2.10.3.jar:na]
	at scala.concurrent.Future$$anonfun$map$1.apply(Future.scala:235) [scala-library-2.10.3.jar:na]
	at scala.concurrent.Future$$anonfun$map$1.apply(Future.scala:235) [scala-library-2.10.3.jar:na]
	at scala.concurrent.impl.CallbackRunnable.run(Promise.scala:32) [scala-library-2.10.3.jar:na]
	at play.core.j.HttpExecutionContext$$anon$2.run(HttpExecutionContext.scala:37) ~[play_2.10-2.2.3.jar:2.2.3]
	at akka.dispatch.TaskInvocation.run(AbstractDispatcher.scala:42) ~[akka-actor_2.10-2.2.0.jar:2.2.0]
	at akka.dispatch.ForkJoinExecutorConfigurator$AkkaForkJoinTask.exec(AbstractDispatcher.scala:386) ~[akka-actor_2.10-2.2.0.jar:2.2.0]
	... 4 common frames omitted
Caused by: com.fasterxml.jackson.core.JsonParseException: Unexpected character ('<' (code 60)): expected a valid value (number, String, array, object, 'true', 'false' or 'null')
 at [Source: org.jboss.netty.buffer.ChannelBufferInputStream@42ba6632; line: 1, column: 2]
	at com.fasterxml.jackson.core.JsonParser._constructError(JsonParser.java:1369) ~[jackson-core-2.2.2.jar:2.2.2]
	at com.fasterxml.jackson.core.base.ParserMinimalBase._reportError(ParserMinimalBase.java:599) ~[jackson-core-2.2.2.jar:2.2.2]
	at com.fasterxml.jackson.core.base.ParserMinimalBase._reportUnexpectedChar(ParserMinimalBase.java:520) ~[jackson-core-2.2.2.jar:2.2.2]
	at com.fasterxml.jackson.core.json.UTF8StreamJsonParser._handleUnexpectedValue(UTF8StreamJsonParser.java:2267) ~[jackson-core-2.2.2.jar:2.2.2]
	at com.fasterxml.jackson.core.json.UTF8StreamJsonParser._nextTokenNotInObject(UTF8StreamJsonParser.java:779) ~[jackson-core-2.2.2.jar:2.2.2]
	at com.fasterxml.jackson.core.json.UTF8StreamJsonParser.nextToken(UTF8StreamJsonParser.java:665) ~[jackson-core-2.2.2.jar:2.2.2]
	at com.fasterxml.jackson.databind.ObjectMapper._initForReading(ObjectMapper.java:2926) ~[jackson-databind-2.2.2.jar:2.2.2]
	at com.fasterxml.jackson.databind.ObjectMapper._readMapAndClose(ObjectMapper.java:2873) ~[jackson-databind-2.2.2.jar:2.2.2]
	at com.fasterxml.jackson.databind.ObjectMapper.readValue(ObjectMapper.java:2080) ~[jackson-databind-2.2.2.jar:2.2.2]
	at play.libs.Json.parse(Json.java:80) ~[play-json_2.10-2.2.3.jar:2.2.3]
	... 17 common frames omitted

2015-04-12 15:57:19,821 - [DEBUG] - from application in play-akka.actor.default-dispatcher-17 
<h1>Developer Inactive</h1>

2015-04-12 15:57:19,823 - [ERROR] - from play in play-internal-execution-context-1 
Cannot invoke the action, eventually got an error: java.lang.RuntimeException: com.fasterxml.jackson.core.JsonParseException: Unexpected character ('<' (code 60)): expected a valid value (number, String, array, object, 'true', 'false' or 'null')
 at [Source: org.jboss.netty.buffer.ChannelBufferInputStream@1ce46dec; line: 1, column: 2]

2015-04-12 15:57:19,829 - [ERROR] - from application in play-internal-execution-context-1 


! @6lnc31fpl - Internal server error, for (GET) [/feedZilla] ->

play.api.Application$$anon$1: Execution exception[[RuntimeException: com.fasterxml.jackson.core.JsonParseException: Unexpected character ('<' (code 60)): expected a valid value (number, String, array, object, 'true', 'false' or 'null')
 at [Source: org.jboss.netty.buffer.ChannelBufferInputStream@1ce46dec; line: 1, column: 2]]]
	at play.api.Application$class.handleError(Application.scala:293) ~[play_2.10-2.2.3.jar:2.2.3]
	at play.api.DefaultApplication.handleError(Application.scala:399) [play_2.10-2.2.3.jar:2.2.3]
	at play.core.server.netty.PlayDefaultUpstreamHandler$$anonfun$3$$anonfun$applyOrElse$3.apply(PlayDefaultUpstreamHandler.scala:264) [play_2.10-2.2.3.jar:2.2.3]
	at play.core.server.netty.PlayDefaultUpstreamHandler$$anonfun$3$$anonfun$applyOrElse$3.apply(PlayDefaultUpstreamHandler.scala:264) [play_2.10-2.2.3.jar:2.2.3]
	at scala.Option.map(Option.scala:145) [scala-library-2.10.3.jar:na]
	at play.core.server.netty.PlayDefaultUpstreamHandler$$anonfun$3.applyOrElse(PlayDefaultUpstreamHandler.scala:264) [play_2.10-2.2.3.jar:2.2.3]
	at play.core.server.netty.PlayDefaultUpstreamHandler$$anonfun$3.applyOrElse(PlayDefaultUpstreamHandler.scala:260) [play_2.10-2.2.3.jar:2.2.3]
	at scala.concurrent.Future$$anonfun$recoverWith$1.apply(Future.scala:344) [scala-library-2.10.3.jar:na]
	at scala.concurrent.Future$$anonfun$recoverWith$1.apply(Future.scala:343) [scala-library-2.10.3.jar:na]
	at scala.concurrent.impl.CallbackRunnable.run(Promise.scala:32) [scala-library-2.10.3.jar:na]
	at play.api.libs.iteratee.Execution$$anon$1.execute(Execution.scala:43) [play-iteratees_2.10-2.2.3.jar:2.2.3]
	at scala.concurrent.impl.CallbackRunnable.executeWithValue(Promise.scala:40) [scala-library-2.10.3.jar:na]
	at scala.concurrent.impl.Promise$DefaultPromise.tryComplete(Promise.scala:248) [scala-library-2.10.3.jar:na]
	at scala.concurrent.Promise$class.complete(Promise.scala:55) [scala-library-2.10.3.jar:na]
	at scala.concurrent.impl.Promise$DefaultPromise.complete(Promise.scala:153) [scala-library-2.10.3.jar:na]
	at scala.concurrent.Future$$anonfun$map$1.apply(Future.scala:235) [scala-library-2.10.3.jar:na]
	at scala.concurrent.Future$$anonfun$map$1.apply(Future.scala:235) [scala-library-2.10.3.jar:na]
	at scala.concurrent.impl.CallbackRunnable.run(Promise.scala:32) [scala-library-2.10.3.jar:na]
	at scala.concurrent.forkjoin.ForkJoinTask$AdaptedRunnableAction.exec(ForkJoinTask.java:1361) [scala-library-2.10.3.jar:na]
	at scala.concurrent.forkjoin.ForkJoinTask.doExec(ForkJoinTask.java:260) [scala-library-2.10.3.jar:na]
	at scala.concurrent.forkjoin.ForkJoinPool$WorkQueue.runTask(ForkJoinPool.java:1339) [scala-library-2.10.3.jar:na]
	at scala.concurrent.forkjoin.ForkJoinPool.runWorker(ForkJoinPool.java:1979) [scala-library-2.10.3.jar:na]
	at scala.concurrent.forkjoin.ForkJoinWorkerThread.run(ForkJoinWorkerThread.java:107) [scala-library-2.10.3.jar:na]
Caused by: java.lang.RuntimeException: com.fasterxml.jackson.core.JsonParseException: Unexpected character ('<' (code 60)): expected a valid value (number, String, array, object, 'true', 'false' or 'null')
 at [Source: org.jboss.netty.buffer.ChannelBufferInputStream@1ce46dec; line: 1, column: 2]
	at play.libs.Json.parse(Json.java:82) ~[play-json_2.10-2.2.3.jar:2.2.3]
	at play.libs.WS$Response.asJson(WS.java:704) ~[play-java_2.10-2.2.3.jar:2.2.3]
	at controllers.NewsFeed$1.apply(NewsFeed.java:27) ~[na:na]
	at controllers.NewsFeed$1.apply(NewsFeed.java:24) ~[na:na]
	at play.core.j.FPromiseHelper$$anonfun$map$1.apply(FPromiseHelper.scala:79) ~[play_2.10-2.2.3.jar:2.2.3]
	at scala.util.Success$$anonfun$map$1.apply(Try.scala:206) ~[scala-library-2.10.3.jar:na]
	at scala.util.Try$.apply(Try.scala:161) ~[scala-library-2.10.3.jar:na]
	at scala.util.Success.map(Try.scala:206) ~[scala-library-2.10.3.jar:na]
	at scala.concurrent.Future$$anonfun$map$1.apply(Future.scala:235) [scala-library-2.10.3.jar:na]
	at scala.concurrent.Future$$anonfun$map$1.apply(Future.scala:235) [scala-library-2.10.3.jar:na]
	at scala.concurrent.impl.CallbackRunnable.run(Promise.scala:32) [scala-library-2.10.3.jar:na]
	at play.core.j.HttpExecutionContext$$anon$2.run(HttpExecutionContext.scala:37) ~[play_2.10-2.2.3.jar:2.2.3]
	at akka.dispatch.TaskInvocation.run(AbstractDispatcher.scala:42) ~[akka-actor_2.10-2.2.0.jar:2.2.0]
	at akka.dispatch.ForkJoinExecutorConfigurator$AkkaForkJoinTask.exec(AbstractDispatcher.scala:386) ~[akka-actor_2.10-2.2.0.jar:2.2.0]
	... 4 common frames omitted
Caused by: com.fasterxml.jackson.core.JsonParseException: Unexpected character ('<' (code 60)): expected a valid value (number, String, array, object, 'true', 'false' or 'null')
 at [Source: org.jboss.netty.buffer.ChannelBufferInputStream@1ce46dec; line: 1, column: 2]
	at com.fasterxml.jackson.core.JsonParser._constructError(JsonParser.java:1369) ~[jackson-core-2.2.2.jar:2.2.2]
	at com.fasterxml.jackson.core.base.ParserMinimalBase._reportError(ParserMinimalBase.java:599) ~[jackson-core-2.2.2.jar:2.2.2]
	at com.fasterxml.jackson.core.base.ParserMinimalBase._reportUnexpectedChar(ParserMinimalBase.java:520) ~[jackson-core-2.2.2.jar:2.2.2]
	at com.fasterxml.jackson.core.json.UTF8StreamJsonParser._handleUnexpectedValue(UTF8StreamJsonParser.java:2267) ~[jackson-core-2.2.2.jar:2.2.2]
	at com.fasterxml.jackson.core.json.UTF8StreamJsonParser._nextTokenNotInObject(UTF8StreamJsonParser.java:779) ~[jackson-core-2.2.2.jar:2.2.2]
	at com.fasterxml.jackson.core.json.UTF8StreamJsonParser.nextToken(UTF8StreamJsonParser.java:665) ~[jackson-core-2.2.2.jar:2.2.2]
	at com.fasterxml.jackson.databind.ObjectMapper._initForReading(ObjectMapper.java:2926) ~[jackson-databind-2.2.2.jar:2.2.2]
	at com.fasterxml.jackson.databind.ObjectMapper._readMapAndClose(ObjectMapper.java:2873) ~[jackson-databind-2.2.2.jar:2.2.2]
	at com.fasterxml.jackson.databind.ObjectMapper.readValue(ObjectMapper.java:2080) ~[jackson-databind-2.2.2.jar:2.2.2]
	at play.libs.Json.parse(Json.java:80) ~[play-json_2.10-2.2.3.jar:2.2.3]
	... 17 common frames omitted

2015-04-12 15:57:22,773 - [DEBUG] - from application in play-akka.actor.default-dispatcher-16 
<h1>Developer Inactive</h1>

2015-04-12 15:57:22,774 - [ERROR] - from play in play-internal-execution-context-1 
Cannot invoke the action, eventually got an error: java.lang.RuntimeException: com.fasterxml.jackson.core.JsonParseException: Unexpected character ('<' (code 60)): expected a valid value (number, String, array, object, 'true', 'false' or 'null')
 at [Source: org.jboss.netty.buffer.ChannelBufferInputStream@4c7d8015; line: 1, column: 2]

2015-04-12 15:57:22,782 - [ERROR] - from application in play-internal-execution-context-1 


! @6lnc31k99 - Internal server error, for (GET) [/feedZilla] ->

play.api.Application$$anon$1: Execution exception[[RuntimeException: com.fasterxml.jackson.core.JsonParseException: Unexpected character ('<' (code 60)): expected a valid value (number, String, array, object, 'true', 'false' or 'null')
 at [Source: org.jboss.netty.buffer.ChannelBufferInputStream@4c7d8015; line: 1, column: 2]]]
	at play.api.Application$class.handleError(Application.scala:293) ~[play_2.10-2.2.3.jar:2.2.3]
	at play.api.DefaultApplication.handleError(Application.scala:399) [play_2.10-2.2.3.jar:2.2.3]
	at play.core.server.netty.PlayDefaultUpstreamHandler$$anonfun$3$$anonfun$applyOrElse$3.apply(PlayDefaultUpstreamHandler.scala:264) [play_2.10-2.2.3.jar:2.2.3]
	at play.core.server.netty.PlayDefaultUpstreamHandler$$anonfun$3$$anonfun$applyOrElse$3.apply(PlayDefaultUpstreamHandler.scala:264) [play_2.10-2.2.3.jar:2.2.3]
	at scala.Option.map(Option.scala:145) [scala-library-2.10.3.jar:na]
	at play.core.server.netty.PlayDefaultUpstreamHandler$$anonfun$3.applyOrElse(PlayDefaultUpstreamHandler.scala:264) [play_2.10-2.2.3.jar:2.2.3]
	at play.core.server.netty.PlayDefaultUpstreamHandler$$anonfun$3.applyOrElse(PlayDefaultUpstreamHandler.scala:260) [play_2.10-2.2.3.jar:2.2.3]
	at scala.concurrent.Future$$anonfun$recoverWith$1.apply(Future.scala:344) [scala-library-2.10.3.jar:na]
	at scala.concurrent.Future$$anonfun$recoverWith$1.apply(Future.scala:343) [scala-library-2.10.3.jar:na]
	at scala.concurrent.impl.CallbackRunnable.run(Promise.scala:32) [scala-library-2.10.3.jar:na]
	at play.api.libs.iteratee.Execution$$anon$1.execute(Execution.scala:43) [play-iteratees_2.10-2.2.3.jar:2.2.3]
	at scala.concurrent.impl.CallbackRunnable.executeWithValue(Promise.scala:40) [scala-library-2.10.3.jar:na]
	at scala.concurrent.impl.Promise$DefaultPromise.tryComplete(Promise.scala:248) [scala-library-2.10.3.jar:na]
	at scala.concurrent.Promise$class.complete(Promise.scala:55) [scala-library-2.10.3.jar:na]
	at scala.concurrent.impl.Promise$DefaultPromise.complete(Promise.scala:153) [scala-library-2.10.3.jar:na]
	at scala.concurrent.Future$$anonfun$map$1.apply(Future.scala:235) [scala-library-2.10.3.jar:na]
	at scala.concurrent.Future$$anonfun$map$1.apply(Future.scala:235) [scala-library-2.10.3.jar:na]
	at scala.concurrent.impl.CallbackRunnable.run(Promise.scala:32) [scala-library-2.10.3.jar:na]
	at scala.concurrent.forkjoin.ForkJoinTask$AdaptedRunnableAction.exec(ForkJoinTask.java:1361) [scala-library-2.10.3.jar:na]
	at scala.concurrent.forkjoin.ForkJoinTask.doExec(ForkJoinTask.java:260) [scala-library-2.10.3.jar:na]
	at scala.concurrent.forkjoin.ForkJoinPool$WorkQueue.runTask(ForkJoinPool.java:1339) [scala-library-2.10.3.jar:na]
	at scala.concurrent.forkjoin.ForkJoinPool.runWorker(ForkJoinPool.java:1979) [scala-library-2.10.3.jar:na]
	at scala.concurrent.forkjoin.ForkJoinWorkerThread.run(ForkJoinWorkerThread.java:107) [scala-library-2.10.3.jar:na]
Caused by: java.lang.RuntimeException: com.fasterxml.jackson.core.JsonParseException: Unexpected character ('<' (code 60)): expected a valid value (number, String, array, object, 'true', 'false' or 'null')
 at [Source: org.jboss.netty.buffer.ChannelBufferInputStream@4c7d8015; line: 1, column: 2]
	at play.libs.Json.parse(Json.java:82) ~[play-json_2.10-2.2.3.jar:2.2.3]
	at play.libs.WS$Response.asJson(WS.java:704) ~[play-java_2.10-2.2.3.jar:2.2.3]
	at controllers.NewsFeed$1.apply(NewsFeed.java:27) ~[na:na]
	at controllers.NewsFeed$1.apply(NewsFeed.java:24) ~[na:na]
	at play.core.j.FPromiseHelper$$anonfun$map$1.apply(FPromiseHelper.scala:79) ~[play_2.10-2.2.3.jar:2.2.3]
	at scala.util.Success$$anonfun$map$1.apply(Try.scala:206) ~[scala-library-2.10.3.jar:na]
	at scala.util.Try$.apply(Try.scala:161) ~[scala-library-2.10.3.jar:na]
	at scala.util.Success.map(Try.scala:206) ~[scala-library-2.10.3.jar:na]
	at scala.concurrent.Future$$anonfun$map$1.apply(Future.scala:235) [scala-library-2.10.3.jar:na]
	at scala.concurrent.Future$$anonfun$map$1.apply(Future.scala:235) [scala-library-2.10.3.jar:na]
	at scala.concurrent.impl.CallbackRunnable.run(Promise.scala:32) [scala-library-2.10.3.jar:na]
	at play.core.j.HttpExecutionContext$$anon$2.run(HttpExecutionContext.scala:37) ~[play_2.10-2.2.3.jar:2.2.3]
	at akka.dispatch.TaskInvocation.run(AbstractDispatcher.scala:42) ~[akka-actor_2.10-2.2.0.jar:2.2.0]
	at akka.dispatch.ForkJoinExecutorConfigurator$AkkaForkJoinTask.exec(AbstractDispatcher.scala:386) ~[akka-actor_2.10-2.2.0.jar:2.2.0]
	... 4 common frames omitted
Caused by: com.fasterxml.jackson.core.JsonParseException: Unexpected character ('<' (code 60)): expected a valid value (number, String, array, object, 'true', 'false' or 'null')
 at [Source: org.jboss.netty.buffer.ChannelBufferInputStream@4c7d8015; line: 1, column: 2]
	at com.fasterxml.jackson.core.JsonParser._constructError(JsonParser.java:1369) ~[jackson-core-2.2.2.jar:2.2.2]
	at com.fasterxml.jackson.core.base.ParserMinimalBase._reportError(ParserMinimalBase.java:599) ~[jackson-core-2.2.2.jar:2.2.2]
	at com.fasterxml.jackson.core.base.ParserMinimalBase._reportUnexpectedChar(ParserMinimalBase.java:520) ~[jackson-core-2.2.2.jar:2.2.2]
	at com.fasterxml.jackson.core.json.UTF8StreamJsonParser._handleUnexpectedValue(UTF8StreamJsonParser.java:2267) ~[jackson-core-2.2.2.jar:2.2.2]
	at com.fasterxml.jackson.core.json.UTF8StreamJsonParser._nextTokenNotInObject(UTF8StreamJsonParser.java:779) ~[jackson-core-2.2.2.jar:2.2.2]
	at com.fasterxml.jackson.core.json.UTF8StreamJsonParser.nextToken(UTF8StreamJsonParser.java:665) ~[jackson-core-2.2.2.jar:2.2.2]
	at com.fasterxml.jackson.databind.ObjectMapper._initForReading(ObjectMapper.java:2926) ~[jackson-databind-2.2.2.jar:2.2.2]
	at com.fasterxml.jackson.databind.ObjectMapper._readMapAndClose(ObjectMapper.java:2873) ~[jackson-databind-2.2.2.jar:2.2.2]
	at com.fasterxml.jackson.databind.ObjectMapper.readValue(ObjectMapper.java:2080) ~[jackson-databind-2.2.2.jar:2.2.2]
	at play.libs.Json.parse(Json.java:80) ~[play-json_2.10-2.2.3.jar:2.2.3]
	... 17 common frames omitted

2015-04-12 16:01:17,211 - [DEBUG] - from application in play-akka.actor.default-dispatcher-17 
[securesocial] calling deleteExpiredTokens()

2015-04-12 16:02:33,211 - [INFO] - from application in play-internal-execution-context-1 
[securesocial] unloaded identity provider: userpass

2015-04-12 16:02:33,212 - [INFO] - from application in play-internal-execution-context-1 
[securesocial] unloaded identity provider: google

2015-04-12 16:02:33,212 - [INFO] - from application in play-internal-execution-context-1 
[securesocial] unloaded identity provider: facebook

2015-04-12 16:02:33,212 - [INFO] - from application in play-internal-execution-context-1 
[securesocial] unloaded identity provider: twitter

2015-04-12 16:02:33,213 - [INFO] - from application in play-internal-execution-context-1 
[securesocial] unloaded password hasher bcrypt

2015-04-12 16:02:33,213 - [INFO] - from play in play-internal-execution-context-1 
Shutdown application default Akka system.

2015-04-12 16:02:33,301 - [INFO] - from play in play-internal-execution-context-1 
database [default] connected at jdbc:h2:mem:play

2015-04-12 16:02:33,342 - [INFO] - from application in play-internal-execution-context-1 
[securesocial] loaded templates plugin: securesocial.controllers.DefaultTemplatesPlugin

2015-04-12 16:02:33,359 - [INFO] - from play in play-internal-execution-context-1 
Starting application default Akka system.

2015-04-12 16:02:33,359 - [INFO] - from application in play-internal-execution-context-1 
[securesocial] loaded user service: class plugins.InMemoryUserService

2015-04-12 16:02:33,360 - [DEBUG] - from application in play-akka.actor.default-dispatcher-17 
[securesocial] calling deleteExpiredTokens()

2015-04-12 16:02:33,362 - [INFO] - from application in play-internal-execution-context-1 
[securesocial] loaded password hasher bcrypt

2015-04-12 16:02:33,365 - [INFO] - from application in play-internal-execution-context-1 
[securesocial] loaded identity provider: twitter

2015-04-12 16:02:33,366 - [INFO] - from application in play-internal-execution-context-1 
[securesocial] loaded identity provider: facebook

2015-04-12 16:02:33,366 - [INFO] - from application in play-internal-execution-context-1 
[securesocial] loaded identity provider: google

2015-04-12 16:02:33,366 - [INFO] - from application in play-internal-execution-context-1 
[securesocial] loaded identity provider: userpass

2015-04-12 16:02:33,367 - [INFO] - from play in play-internal-execution-context-1 
Application started (Dev)

2015-04-12 16:02:34,528 - [DEBUG] - from application in play-akka.actor.default-dispatcher-17 
{"stories":[{"description":"The 21-year-old Texan finished at 18 under par to claim his first major title.","guid":[{"isPermalink":"true","value":"http://www.usatoday.com/story/sports/golf/2015/04/12/jordan-spieth-masters-phil-mickelson-masters-augusta-national/25672709/"}],"link":"http://www.usatoday.com/story/sports/golf/2015/04/12/jordan-spieth-masters-phil-mickelson-masters-augusta-national/25672709/","pubDate":"Sun, 12 Apr 2015 06:54:19 GMT","title":"Jordan Spieth soars to record Masters win"},{"description":"The fantasy drama's fifth season begins Sunday night.","guid":[{"isPermalink":"true","value":"http://www.usatoday.com/story/life/tv/2015/04/12/game-of-thrones-season-5-episodes-leak/25676065/"}],"link":"http://www.usatoday.com/story/life/tv/2015/04/12/game-of-thrones-season-5-episodes-leak/25676065/","pubDate":"Sun, 12 Apr 2015 03:35:00 GMT","title":"New 'Game of Thrones' episodes leak online"}]}

2015-04-12 16:05:08,720 - [INFO] - from application in play-internal-execution-context-1 
[securesocial] unloaded identity provider: userpass

2015-04-12 16:05:08,720 - [INFO] - from application in play-internal-execution-context-1 
[securesocial] unloaded identity provider: google

2015-04-12 16:05:08,720 - [INFO] - from application in play-internal-execution-context-1 
[securesocial] unloaded identity provider: facebook

2015-04-12 16:05:08,721 - [INFO] - from application in play-internal-execution-context-1 
[securesocial] unloaded identity provider: twitter

2015-04-12 16:05:08,721 - [INFO] - from application in play-internal-execution-context-1 
[securesocial] unloaded password hasher bcrypt

2015-04-12 16:05:08,721 - [INFO] - from play in play-internal-execution-context-1 
Shutdown application default Akka system.

2015-04-12 16:05:08,796 - [INFO] - from play in play-internal-execution-context-1 
database [default] connected at jdbc:h2:mem:play

2015-04-12 16:05:08,845 - [INFO] - from application in play-internal-execution-context-1 
[securesocial] loaded templates plugin: securesocial.controllers.DefaultTemplatesPlugin

2015-04-12 16:05:08,872 - [INFO] - from play in play-internal-execution-context-1 
Starting application default Akka system.

2015-04-12 16:05:08,873 - [DEBUG] - from application in play-akka.actor.default-dispatcher-18 
[securesocial] calling deleteExpiredTokens()

2015-04-12 16:05:08,873 - [INFO] - from application in play-internal-execution-context-1 
[securesocial] loaded user service: class plugins.InMemoryUserService

2015-04-12 16:05:08,886 - [INFO] - from application in play-internal-execution-context-1 
[securesocial] loaded password hasher bcrypt

2015-04-12 16:05:08,887 - [INFO] - from application in play-internal-execution-context-1 
[securesocial] loaded identity provider: twitter

2015-04-12 16:05:08,887 - [INFO] - from application in play-internal-execution-context-1 
[securesocial] loaded identity provider: facebook

2015-04-12 16:05:08,887 - [INFO] - from application in play-internal-execution-context-1 
[securesocial] loaded identity provider: google

2015-04-12 16:05:08,887 - [INFO] - from application in play-internal-execution-context-1 
[securesocial] loaded identity provider: userpass

2015-04-12 16:05:08,888 - [INFO] - from play in play-internal-execution-context-1 
Application started (Dev)

2015-04-12 16:05:09,262 - [DEBUG] - from application in play-akka.actor.default-dispatcher-18 
<?xml version="1.0" encoding="utf-8"?>
<!DOCTYPE html PUBLIC "-//W3C//DTD XHTML 1.0 Transitional//EN" "http://www.w3.org/TR/xhtml1/DTD/xhtml1-transitional.dtd">
<html xmlns="http://www.w3.org/1999/xhtml">
  <head>
    <title>Service</title>
    <style>BODY { color: #000000; background-color: white; font-family: Verdana; margin-left: 0px; margin-top: 0px; } #content { margin-left: 30px; font-size: .70em; padding-bottom: 2em; } A:link { color: #336699; font-weight: bold; text-decoration: underline; } A:visited { color: #6699cc; font-weight: bold; text-decoration: underline; } A:active { color: #336699; font-weight: bold; text-decoration: underline; } .heading1 { background-color: #003366; border-bottom: #336699 6px solid; color: #ffffff; font-family: Tahoma; font-size: 26px; font-weight: normal;margin: 0em 0em 10px -20px; padding-bottom: 8px; padding-left: 30px;padding-top: 16px;} pre { font-size:small; background-color: #e5e5cc; padding: 5px; font-family: Courier New; margin-top: 0px; border: 1px #f0f0e0 solid; white-space: pre-wrap; white-space: -pre-wrap; word-wrap: break-word; } table { border-collapse: collapse; border-spacing: 0px; font-family: Verdana;} table th { border-right: 2px white solid; border-bottom: 2px white solid; font-weight: bold; background-color: #cecf9c;} table td { border-right: 2px white solid; border-bottom: 2px white solid; background-color: #e5e5cc;}</style>
  </head>
  <body>
    <div id="content">
      <p class="heading1">Service</p>
      <p xmlns="">Endpoint not found. Please see the <a rel="help-page" href="http://api-internal.usatoday.com.akadns.net/FeedService/Monitor.svc/help">service help page</a> for constructing valid requests to the service.</p>
    </div>
  </body>
</html>

2015-04-12 16:05:09,264 - [ERROR] - from play in play-internal-execution-context-1 
Cannot invoke the action, eventually got an error: java.lang.RuntimeException: com.fasterxml.jackson.core.JsonParseException: Unexpected character ('<' (code 60)): expected a valid value (number, String, array, object, 'true', 'false' or 'null')
 at [Source: org.jboss.netty.buffer.ChannelBufferInputStream@7d16ddfa; line: 1, column: 5]

2015-04-12 16:05:09,273 - [ERROR] - from application in play-internal-execution-context-1 


! @6lnc428b7 - Internal server error, for (GET) [/feedZilla] ->

play.api.Application$$anon$1: Execution exception[[RuntimeException: com.fasterxml.jackson.core.JsonParseException: Unexpected character ('<' (code 60)): expected a valid value (number, String, array, object, 'true', 'false' or 'null')
 at [Source: org.jboss.netty.buffer.ChannelBufferInputStream@7d16ddfa; line: 1, column: 5]]]
	at play.api.Application$class.handleError(Application.scala:293) ~[play_2.10-2.2.3.jar:2.2.3]
	at play.api.DefaultApplication.handleError(Application.scala:399) [play_2.10-2.2.3.jar:2.2.3]
	at play.core.server.netty.PlayDefaultUpstreamHandler$$anonfun$3$$anonfun$applyOrElse$3.apply(PlayDefaultUpstreamHandler.scala:264) [play_2.10-2.2.3.jar:2.2.3]
	at play.core.server.netty.PlayDefaultUpstreamHandler$$anonfun$3$$anonfun$applyOrElse$3.apply(PlayDefaultUpstreamHandler.scala:264) [play_2.10-2.2.3.jar:2.2.3]
	at scala.Option.map(Option.scala:145) [scala-library-2.10.3.jar:na]
	at play.core.server.netty.PlayDefaultUpstreamHandler$$anonfun$3.applyOrElse(PlayDefaultUpstreamHandler.scala:264) [play_2.10-2.2.3.jar:2.2.3]
	at play.core.server.netty.PlayDefaultUpstreamHandler$$anonfun$3.applyOrElse(PlayDefaultUpstreamHandler.scala:260) [play_2.10-2.2.3.jar:2.2.3]
	at scala.concurrent.Future$$anonfun$recoverWith$1.apply(Future.scala:344) [scala-library-2.10.3.jar:na]
	at scala.concurrent.Future$$anonfun$recoverWith$1.apply(Future.scala:343) [scala-library-2.10.3.jar:na]
	at scala.concurrent.impl.CallbackRunnable.run(Promise.scala:32) [scala-library-2.10.3.jar:na]
	at play.api.libs.iteratee.Execution$$anon$1.execute(Execution.scala:43) [play-iteratees_2.10-2.2.3.jar:2.2.3]
	at scala.concurrent.impl.CallbackRunnable.executeWithValue(Promise.scala:40) [scala-library-2.10.3.jar:na]
	at scala.concurrent.impl.Promise$DefaultPromise.tryComplete(Promise.scala:248) [scala-library-2.10.3.jar:na]
	at scala.concurrent.Promise$class.complete(Promise.scala:55) [scala-library-2.10.3.jar:na]
	at scala.concurrent.impl.Promise$DefaultPromise.complete(Promise.scala:153) [scala-library-2.10.3.jar:na]
	at scala.concurrent.Future$$anonfun$map$1.apply(Future.scala:235) [scala-library-2.10.3.jar:na]
	at scala.concurrent.Future$$anonfun$map$1.apply(Future.scala:235) [scala-library-2.10.3.jar:na]
	at scala.concurrent.impl.CallbackRunnable.run(Promise.scala:32) [scala-library-2.10.3.jar:na]
	at scala.concurrent.forkjoin.ForkJoinTask$AdaptedRunnableAction.exec(ForkJoinTask.java:1361) [scala-library-2.10.3.jar:na]
	at scala.concurrent.forkjoin.ForkJoinTask.doExec(ForkJoinTask.java:260) [scala-library-2.10.3.jar:na]
	at scala.concurrent.forkjoin.ForkJoinPool$WorkQueue.runTask(ForkJoinPool.java:1339) [scala-library-2.10.3.jar:na]
	at scala.concurrent.forkjoin.ForkJoinPool.runWorker(ForkJoinPool.java:1979) [scala-library-2.10.3.jar:na]
	at scala.concurrent.forkjoin.ForkJoinWorkerThread.run(ForkJoinWorkerThread.java:107) [scala-library-2.10.3.jar:na]
Caused by: java.lang.RuntimeException: com.fasterxml.jackson.core.JsonParseException: Unexpected character ('<' (code 60)): expected a valid value (number, String, array, object, 'true', 'false' or 'null')
 at [Source: org.jboss.netty.buffer.ChannelBufferInputStream@7d16ddfa; line: 1, column: 5]
	at play.libs.Json.parse(Json.java:82) ~[play-json_2.10-2.2.3.jar:2.2.3]
	at play.libs.WS$Response.asJson(WS.java:704) ~[play-java_2.10-2.2.3.jar:2.2.3]
	at controllers.NewsFeed$1.apply(NewsFeed.java:28) ~[na:na]
	at controllers.NewsFeed$1.apply(NewsFeed.java:25) ~[na:na]
	at play.core.j.FPromiseHelper$$anonfun$map$1.apply(FPromiseHelper.scala:79) ~[play_2.10-2.2.3.jar:2.2.3]
	at scala.util.Success$$anonfun$map$1.apply(Try.scala:206) ~[scala-library-2.10.3.jar:na]
	at scala.util.Try$.apply(Try.scala:161) ~[scala-library-2.10.3.jar:na]
	at scala.util.Success.map(Try.scala:206) ~[scala-library-2.10.3.jar:na]
	at scala.concurrent.Future$$anonfun$map$1.apply(Future.scala:235) [scala-library-2.10.3.jar:na]
	at scala.concurrent.Future$$anonfun$map$1.apply(Future.scala:235) [scala-library-2.10.3.jar:na]
	at scala.concurrent.impl.CallbackRunnable.run(Promise.scala:32) [scala-library-2.10.3.jar:na]
	at play.core.j.HttpExecutionContext$$anon$2.run(HttpExecutionContext.scala:37) ~[play_2.10-2.2.3.jar:2.2.3]
	at akka.dispatch.TaskInvocation.run(AbstractDispatcher.scala:42) ~[akka-actor_2.10-2.2.0.jar:2.2.0]
	at akka.dispatch.ForkJoinExecutorConfigurator$AkkaForkJoinTask.exec(AbstractDispatcher.scala:386) ~[akka-actor_2.10-2.2.0.jar:2.2.0]
	... 4 common frames omitted
Caused by: com.fasterxml.jackson.core.JsonParseException: Unexpected character ('<' (code 60)): expected a valid value (number, String, array, object, 'true', 'false' or 'null')
 at [Source: org.jboss.netty.buffer.ChannelBufferInputStream@7d16ddfa; line: 1, column: 5]
	at com.fasterxml.jackson.core.JsonParser._constructError(JsonParser.java:1369) ~[jackson-core-2.2.2.jar:2.2.2]
	at com.fasterxml.jackson.core.base.ParserMinimalBase._reportError(ParserMinimalBase.java:599) ~[jackson-core-2.2.2.jar:2.2.2]
	at com.fasterxml.jackson.core.base.ParserMinimalBase._reportUnexpectedChar(ParserMinimalBase.java:520) ~[jackson-core-2.2.2.jar:2.2.2]
	at com.fasterxml.jackson.core.json.UTF8StreamJsonParser._handleUnexpectedValue(UTF8StreamJsonParser.java:2267) ~[jackson-core-2.2.2.jar:2.2.2]
	at com.fasterxml.jackson.core.json.UTF8StreamJsonParser._nextTokenNotInObject(UTF8StreamJsonParser.java:779) ~[jackson-core-2.2.2.jar:2.2.2]
	at com.fasterxml.jackson.core.json.UTF8StreamJsonParser.nextToken(UTF8StreamJsonParser.java:665) ~[jackson-core-2.2.2.jar:2.2.2]
	at com.fasterxml.jackson.databind.ObjectMapper._initForReading(ObjectMapper.java:2926) ~[jackson-databind-2.2.2.jar:2.2.2]
	at com.fasterxml.jackson.databind.ObjectMapper._readMapAndClose(ObjectMapper.java:2873) ~[jackson-databind-2.2.2.jar:2.2.2]
	at com.fasterxml.jackson.databind.ObjectMapper.readValue(ObjectMapper.java:2080) ~[jackson-databind-2.2.2.jar:2.2.2]
	at play.libs.Json.parse(Json.java:80) ~[play-json_2.10-2.2.3.jar:2.2.3]
	... 17 common frames omitted

2015-04-12 16:05:30,707 - [INFO] - from application in play-internal-execution-context-1 
[securesocial] unloaded identity provider: userpass

2015-04-12 16:05:30,707 - [INFO] - from application in play-internal-execution-context-1 
[securesocial] unloaded identity provider: google

2015-04-12 16:05:30,707 - [INFO] - from application in play-internal-execution-context-1 
[securesocial] unloaded identity provider: facebook

2015-04-12 16:05:30,708 - [INFO] - from application in play-internal-execution-context-1 
[securesocial] unloaded identity provider: twitter

2015-04-12 16:05:30,708 - [INFO] - from application in play-internal-execution-context-1 
[securesocial] unloaded password hasher bcrypt

2015-04-12 16:05:30,708 - [INFO] - from play in play-internal-execution-context-1 
Shutdown application default Akka system.

2015-04-12 16:05:30,785 - [INFO] - from play in play-internal-execution-context-1 
database [default] connected at jdbc:h2:mem:play

2015-04-12 16:05:30,830 - [INFO] - from application in play-internal-execution-context-1 
[securesocial] loaded templates plugin: securesocial.controllers.DefaultTemplatesPlugin

2015-04-12 16:05:30,844 - [INFO] - from play in play-internal-execution-context-1 
Starting application default Akka system.

2015-04-12 16:05:30,845 - [INFO] - from application in play-internal-execution-context-1 
[securesocial] loaded user service: class plugins.InMemoryUserService

2015-04-12 16:05:30,845 - [DEBUG] - from application in play-akka.actor.default-dispatcher-19 
[securesocial] calling deleteExpiredTokens()

2015-04-12 16:05:30,849 - [INFO] - from application in play-internal-execution-context-1 
[securesocial] loaded password hasher bcrypt

2015-04-12 16:05:30,851 - [INFO] - from application in play-internal-execution-context-1 
[securesocial] loaded identity provider: twitter

2015-04-12 16:05:30,851 - [INFO] - from application in play-internal-execution-context-1 
[securesocial] loaded identity provider: facebook

2015-04-12 16:05:30,851 - [INFO] - from application in play-internal-execution-context-1 
[securesocial] loaded identity provider: google

2015-04-12 16:05:30,851 - [INFO] - from application in play-internal-execution-context-1 
[securesocial] loaded identity provider: userpass

2015-04-12 16:05:30,851 - [INFO] - from play in play-internal-execution-context-1 
Application started (Dev)

2015-04-12 16:05:31,003 - [DEBUG] - from application in play-akka.actor.default-dispatcher-19 
{"stories":[{"description":"The 21-year-old Texan finished at 18 under par to claim his first major title.","guid":[{"isPermalink":"true","value":"http://www.usatoday.com/story/sports/golf/2015/04/12/jordan-spieth-masters-phil-mickelson-masters-augusta-national/25672709/"}],"link":"http://www.usatoday.com/story/sports/golf/2015/04/12/jordan-spieth-masters-phil-mickelson-masters-augusta-national/25672709/","pubDate":"Sun, 12 Apr 2015 06:54:19 GMT","title":"Jordan Spieth soars to record Masters win"},{"description":"The fantasy drama's fifth season begins Sunday night.","guid":[{"isPermalink":"true","value":"http://www.usatoday.com/story/life/tv/2015/04/12/game-of-thrones-season-5-episodes-leak/25676065/"}],"link":"http://www.usatoday.com/story/life/tv/2015/04/12/game-of-thrones-season-5-episodes-leak/25676065/","pubDate":"Sun, 12 Apr 2015 03:35:00 GMT","title":"New 'Game of Thrones' episodes leak online"}]}

2015-04-12 16:05:49,839 - [INFO] - from application in play-internal-execution-context-1 
[securesocial] unloaded identity provider: userpass

2015-04-12 16:05:49,840 - [INFO] - from application in play-internal-execution-context-1 
[securesocial] unloaded identity provider: google

2015-04-12 16:05:49,840 - [INFO] - from application in play-internal-execution-context-1 
[securesocial] unloaded identity provider: facebook

2015-04-12 16:05:49,840 - [INFO] - from application in play-internal-execution-context-1 
[securesocial] unloaded identity provider: twitter

2015-04-12 16:05:49,840 - [INFO] - from application in play-internal-execution-context-1 
[securesocial] unloaded password hasher bcrypt

2015-04-12 16:05:49,840 - [INFO] - from play in play-internal-execution-context-1 
Shutdown application default Akka system.

2015-04-12 16:05:49,907 - [INFO] - from play in play-internal-execution-context-1 
database [default] connected at jdbc:h2:mem:play

2015-04-12 16:05:49,944 - [INFO] - from application in play-internal-execution-context-1 
[securesocial] loaded templates plugin: securesocial.controllers.DefaultTemplatesPlugin

2015-04-12 16:05:49,955 - [INFO] - from play in play-internal-execution-context-1 
Starting application default Akka system.

2015-04-12 16:05:49,956 - [INFO] - from application in play-internal-execution-context-1 
[securesocial] loaded user service: class plugins.InMemoryUserService

2015-04-12 16:05:49,957 - [INFO] - from application in play-internal-execution-context-1 
[securesocial] loaded password hasher bcrypt

2015-04-12 16:05:49,957 - [INFO] - from application in play-internal-execution-context-1 
[securesocial] loaded identity provider: twitter

2015-04-12 16:05:49,957 - [INFO] - from application in play-internal-execution-context-1 
[securesocial] loaded identity provider: facebook

2015-04-12 16:05:49,957 - [INFO] - from application in play-internal-execution-context-1 
[securesocial] loaded identity provider: google

2015-04-12 16:05:49,958 - [INFO] - from application in play-internal-execution-context-1 
[securesocial] loaded identity provider: userpass

2015-04-12 16:05:49,958 - [INFO] - from play in play-internal-execution-context-1 
Application started (Dev)

2015-04-12 16:05:49,956 - [DEBUG] - from application in play-akka.actor.default-dispatcher-20 
[securesocial] calling deleteExpiredTokens()

2015-04-12 16:05:50,130 - [DEBUG] - from application in play-akka.actor.default-dispatcher-20 
<?xml version="1.0" encoding="utf-8"?>
<!DOCTYPE html PUBLIC "-//W3C//DTD XHTML 1.0 Transitional//EN" "http://www.w3.org/TR/xhtml1/DTD/xhtml1-transitional.dtd">
<html xmlns="http://www.w3.org/1999/xhtml">
  <head>
    <title>Service</title>
    <style>BODY { color: #000000; background-color: white; font-family: Verdana; margin-left: 0px; margin-top: 0px; } #content { margin-left: 30px; font-size: .70em; padding-bottom: 2em; } A:link { color: #336699; font-weight: bold; text-decoration: underline; } A:visited { color: #6699cc; font-weight: bold; text-decoration: underline; } A:active { color: #336699; font-weight: bold; text-decoration: underline; } .heading1 { background-color: #003366; border-bottom: #336699 6px solid; color: #ffffff; font-family: Tahoma; font-size: 26px; font-weight: normal;margin: 0em 0em 10px -20px; padding-bottom: 8px; padding-left: 30px;padding-top: 16px;} pre { font-size:small; background-color: #e5e5cc; padding: 5px; font-family: Courier New; margin-top: 0px; border: 1px #f0f0e0 solid; white-space: pre-wrap; white-space: -pre-wrap; word-wrap: break-word; } table { border-collapse: collapse; border-spacing: 0px; font-family: Verdana;} table th { border-right: 2px white solid; border-bottom: 2px white solid; font-weight: bold; background-color: #cecf9c;} table td { border-right: 2px white solid; border-bottom: 2px white solid; background-color: #e5e5cc;}</style>
  </head>
  <body>
    <div id="content">
      <p class="heading1">Service</p>
      <p xmlns="">Endpoint not found. Please see the <a rel="help-page" href="http://api-internal.usatoday.com.akadns.net/FeedService/Monitor.svc/help">service help page</a> for constructing valid requests to the service.</p>
    </div>
  </body>
</html>

2015-04-12 16:05:50,131 - [ERROR] - from play in play-internal-execution-context-1 
Cannot invoke the action, eventually got an error: java.lang.RuntimeException: com.fasterxml.jackson.core.JsonParseException: Unexpected character ('<' (code 60)): expected a valid value (number, String, array, object, 'true', 'false' or 'null')
 at [Source: org.jboss.netty.buffer.ChannelBufferInputStream@38e413f7; line: 1, column: 5]

2015-04-12 16:05:50,139 - [ERROR] - from application in play-internal-execution-context-1 


! @6lnc44gn2 - Internal server error, for (GET) [/feedZilla] ->

play.api.Application$$anon$1: Execution exception[[RuntimeException: com.fasterxml.jackson.core.JsonParseException: Unexpected character ('<' (code 60)): expected a valid value (number, String, array, object, 'true', 'false' or 'null')
 at [Source: org.jboss.netty.buffer.ChannelBufferInputStream@38e413f7; line: 1, column: 5]]]
	at play.api.Application$class.handleError(Application.scala:293) ~[play_2.10-2.2.3.jar:2.2.3]
	at play.api.DefaultApplication.handleError(Application.scala:399) [play_2.10-2.2.3.jar:2.2.3]
	at play.core.server.netty.PlayDefaultUpstreamHandler$$anonfun$3$$anonfun$applyOrElse$3.apply(PlayDefaultUpstreamHandler.scala:264) [play_2.10-2.2.3.jar:2.2.3]
	at play.core.server.netty.PlayDefaultUpstreamHandler$$anonfun$3$$anonfun$applyOrElse$3.apply(PlayDefaultUpstreamHandler.scala:264) [play_2.10-2.2.3.jar:2.2.3]
	at scala.Option.map(Option.scala:145) [scala-library-2.10.3.jar:na]
	at play.core.server.netty.PlayDefaultUpstreamHandler$$anonfun$3.applyOrElse(PlayDefaultUpstreamHandler.scala:264) [play_2.10-2.2.3.jar:2.2.3]
	at play.core.server.netty.PlayDefaultUpstreamHandler$$anonfun$3.applyOrElse(PlayDefaultUpstreamHandler.scala:260) [play_2.10-2.2.3.jar:2.2.3]
	at scala.concurrent.Future$$anonfun$recoverWith$1.apply(Future.scala:344) [scala-library-2.10.3.jar:na]
	at scala.concurrent.Future$$anonfun$recoverWith$1.apply(Future.scala:343) [scala-library-2.10.3.jar:na]
	at scala.concurrent.impl.CallbackRunnable.run(Promise.scala:32) [scala-library-2.10.3.jar:na]
	at play.api.libs.iteratee.Execution$$anon$1.execute(Execution.scala:43) [play-iteratees_2.10-2.2.3.jar:2.2.3]
	at scala.concurrent.impl.CallbackRunnable.executeWithValue(Promise.scala:40) [scala-library-2.10.3.jar:na]
	at scala.concurrent.impl.Promise$DefaultPromise.tryComplete(Promise.scala:248) [scala-library-2.10.3.jar:na]
	at scala.concurrent.Promise$class.complete(Promise.scala:55) [scala-library-2.10.3.jar:na]
	at scala.concurrent.impl.Promise$DefaultPromise.complete(Promise.scala:153) [scala-library-2.10.3.jar:na]
	at scala.concurrent.Future$$anonfun$map$1.apply(Future.scala:235) [scala-library-2.10.3.jar:na]
	at scala.concurrent.Future$$anonfun$map$1.apply(Future.scala:235) [scala-library-2.10.3.jar:na]
	at scala.concurrent.impl.CallbackRunnable.run(Promise.scala:32) [scala-library-2.10.3.jar:na]
	at scala.concurrent.forkjoin.ForkJoinTask$AdaptedRunnableAction.exec(ForkJoinTask.java:1361) [scala-library-2.10.3.jar:na]
	at scala.concurrent.forkjoin.ForkJoinTask.doExec(ForkJoinTask.java:260) [scala-library-2.10.3.jar:na]
	at scala.concurrent.forkjoin.ForkJoinPool$WorkQueue.runTask(ForkJoinPool.java:1339) [scala-library-2.10.3.jar:na]
	at scala.concurrent.forkjoin.ForkJoinPool.runWorker(ForkJoinPool.java:1979) [scala-library-2.10.3.jar:na]
	at scala.concurrent.forkjoin.ForkJoinWorkerThread.run(ForkJoinWorkerThread.java:107) [scala-library-2.10.3.jar:na]
Caused by: java.lang.RuntimeException: com.fasterxml.jackson.core.JsonParseException: Unexpected character ('<' (code 60)): expected a valid value (number, String, array, object, 'true', 'false' or 'null')
 at [Source: org.jboss.netty.buffer.ChannelBufferInputStream@38e413f7; line: 1, column: 5]
	at play.libs.Json.parse(Json.java:82) ~[play-json_2.10-2.2.3.jar:2.2.3]
	at play.libs.WS$Response.asJson(WS.java:704) ~[play-java_2.10-2.2.3.jar:2.2.3]
	at controllers.NewsFeed$1.apply(NewsFeed.java:28) ~[na:na]
	at controllers.NewsFeed$1.apply(NewsFeed.java:25) ~[na:na]
	at play.core.j.FPromiseHelper$$anonfun$map$1.apply(FPromiseHelper.scala:79) ~[play_2.10-2.2.3.jar:2.2.3]
	at scala.util.Success$$anonfun$map$1.apply(Try.scala:206) ~[scala-library-2.10.3.jar:na]
	at scala.util.Try$.apply(Try.scala:161) ~[scala-library-2.10.3.jar:na]
	at scala.util.Success.map(Try.scala:206) ~[scala-library-2.10.3.jar:na]
	at scala.concurrent.Future$$anonfun$map$1.apply(Future.scala:235) [scala-library-2.10.3.jar:na]
	at scala.concurrent.Future$$anonfun$map$1.apply(Future.scala:235) [scala-library-2.10.3.jar:na]
	at scala.concurrent.impl.CallbackRunnable.run(Promise.scala:32) [scala-library-2.10.3.jar:na]
	at play.core.j.HttpExecutionContext$$anon$2.run(HttpExecutionContext.scala:37) ~[play_2.10-2.2.3.jar:2.2.3]
	at akka.dispatch.TaskInvocation.run(AbstractDispatcher.scala:42) ~[akka-actor_2.10-2.2.0.jar:2.2.0]
	at akka.dispatch.ForkJoinExecutorConfigurator$AkkaForkJoinTask.exec(AbstractDispatcher.scala:386) ~[akka-actor_2.10-2.2.0.jar:2.2.0]
	... 4 common frames omitted
Caused by: com.fasterxml.jackson.core.JsonParseException: Unexpected character ('<' (code 60)): expected a valid value (number, String, array, object, 'true', 'false' or 'null')
 at [Source: org.jboss.netty.buffer.ChannelBufferInputStream@38e413f7; line: 1, column: 5]
	at com.fasterxml.jackson.core.JsonParser._constructError(JsonParser.java:1369) ~[jackson-core-2.2.2.jar:2.2.2]
	at com.fasterxml.jackson.core.base.ParserMinimalBase._reportError(ParserMinimalBase.java:599) ~[jackson-core-2.2.2.jar:2.2.2]
	at com.fasterxml.jackson.core.base.ParserMinimalBase._reportUnexpectedChar(ParserMinimalBase.java:520) ~[jackson-core-2.2.2.jar:2.2.2]
	at com.fasterxml.jackson.core.json.UTF8StreamJsonParser._handleUnexpectedValue(UTF8StreamJsonParser.java:2267) ~[jackson-core-2.2.2.jar:2.2.2]
	at com.fasterxml.jackson.core.json.UTF8StreamJsonParser._nextTokenNotInObject(UTF8StreamJsonParser.java:779) ~[jackson-core-2.2.2.jar:2.2.2]
	at com.fasterxml.jackson.core.json.UTF8StreamJsonParser.nextToken(UTF8StreamJsonParser.java:665) ~[jackson-core-2.2.2.jar:2.2.2]
	at com.fasterxml.jackson.databind.ObjectMapper._initForReading(ObjectMapper.java:2926) ~[jackson-databind-2.2.2.jar:2.2.2]
	at com.fasterxml.jackson.databind.ObjectMapper._readMapAndClose(ObjectMapper.java:2873) ~[jackson-databind-2.2.2.jar:2.2.2]
	at com.fasterxml.jackson.databind.ObjectMapper.readValue(ObjectMapper.java:2080) ~[jackson-databind-2.2.2.jar:2.2.2]
	at play.libs.Json.parse(Json.java:80) ~[play-json_2.10-2.2.3.jar:2.2.3]
	... 17 common frames omitted

2015-04-12 16:10:49,958 - [DEBUG] - from application in play-akka.actor.default-dispatcher-21 
[securesocial] calling deleteExpiredTokens()

2015-04-12 16:15:49,967 - [DEBUG] - from application in play-akka.actor.default-dispatcher-21 
[securesocial] calling deleteExpiredTokens()

